[2025-11-24 23:31:20.466] [info] Logger initialized successfully. Logging to application.log
[2025-11-24 23:31:20.467] [info] wiringPi initialized successfully
[2025-11-24 23:31:20.467] [info] PidController state reset.
[2025-11-24 23:31:20.467] [info] PidController initialized.
[2025-11-24 23:31:20.488] [info] PidController state reset.
[2025-11-24 23:31:20.488] [info] PidController initialized.
[2025-11-24 23:31:20.508] [info] PidController state reset.
[2025-11-24 23:31:20.508] [info] PidController initialized.
[2025-11-24 23:31:20.529] [info] PidController state reset.
[2025-11-24 23:31:20.529] [info] PidController initialized.
[2025-11-24 23:31:20.549] [info] PidController state reset.
[2025-11-24 23:31:20.549] [info] PidController parameters initialized: Kp=73.3, Ki=18.4, Kd=72, MaxIOut=99
[2025-11-24 23:31:20.550] [info] PidController state reset.
[2025-11-24 23:31:20.550] [info] PidController parameters initialized: Kp=70.3, Ki=51.6, Kd=67.7, MaxIOut=99
[2025-11-24 23:31:20.550] [info] PidController state reset.
[2025-11-24 23:31:20.550] [info] PidController parameters initialized: Kp=79.5, Ki=48, Kd=57.6, MaxIOut=99
[2025-11-24 23:31:20.550] [info] PidController state reset.
[2025-11-24 23:31:20.550] [info] PidController parameters initialized: Kp=59.8, Ki=42.4, Kd=61.3, MaxIOut=99
[2025-11-24 23:31:20.553] [info] Connecting to the MQTT server...
[2025-11-24 23:31:20.664] [info] MQTT client connected. Starting event loop.
[2025-11-24 23:31:20.664] [info] Connection successful.
[2025-11-24 23:31:20.664] [info] Subscribing to topic 'pid/control' for client pid_debugger using QoS 1
[2025-11-24 23:31:31.591] [info] Caught signal, shutting down gracefully...
[2025-11-24 23:31:31.591] [info] Disconnecting from the MQTT server...
[2025-11-24 23:31:31.591] [info] Clean up and exit.
[2025-11-24 23:31:48.927] [info] Logger initialized successfully. Logging to application.log
[2025-11-24 23:31:48.928] [info] PidController state reset.
[2025-11-24 23:31:48.928] [info] PidController initialized.
[2025-11-24 23:31:48.949] [info] PidController state reset.
[2025-11-24 23:31:48.949] [info] PidController initialized.
[2025-11-24 23:31:48.969] [info] PidController state reset.
[2025-11-24 23:31:48.969] [info] PidController initialized.
[2025-11-24 23:31:48.990] [info] PidController state reset.
[2025-11-24 23:31:48.990] [info] PidController initialized.
[2025-11-24 23:31:49.010] [info] PidController state reset.
[2025-11-24 23:31:49.010] [info] PidController parameters initialized: Kp=73.3, Ki=18.4, Kd=72, MaxIOut=99
[2025-11-24 23:31:49.010] [info] PidController state reset.
[2025-11-24 23:31:49.010] [info] PidController parameters initialized: Kp=70.3, Ki=51.6, Kd=67.7, MaxIOut=99
[2025-11-24 23:31:49.010] [info] PidController state reset.
[2025-11-24 23:31:49.010] [info] PidController parameters initialized: Kp=79.5, Ki=48, Kd=57.6, MaxIOut=99
[2025-11-24 23:31:49.010] [info] PidController state reset.
[2025-11-24 23:31:49.010] [info] PidController parameters initialized: Kp=59.8, Ki=42.4, Kd=61.3, MaxIOut=99
[2025-11-24 23:31:49.010] [info] Motion solver test started. Press Ctrl+C to exit.
[2025-11-24 23:31:49.060] [info] Target: vx=-0, vy=0.2, v_yaw=0
[2025-11-24 23:31:49.061] [info] Current: vx=0, vy=0.020000001, v_yaw=0
[2025-11-24 23:31:49.061] [info] Current FL Speed: -0, FR Speed: 0, BL Speed: -0, BR Speed: -0
[2025-11-24 23:31:49.111] [info] Target: vx=-0.003999734, vy=0.19996001, v_yaw=0
[2025-11-24 23:31:49.111] [info] Current: vx=-0.0003999734, vy=0.037996, v_yaw=0
[2025-11-24 23:31:49.111] [info] Current FL Speed: -0, FR Speed: 0, BL Speed: -0, BR Speed: -0
[2025-11-24 23:31:49.160] [info] Target: vx=-0.007997868, vy=0.19984002, v_yaw=0
[2025-11-24 23:31:49.161] [info] Current: vx=-0.0011597628, vy=0.054180406, v_yaw=0
[2025-11-24 23:31:49.161] [info] Current FL Speed: -0, FR Speed: 0, BL Speed: -0, BR Speed: -0
[2025-11-24 23:31:49.210] [info] Target: vx=-0.011992802, vy=0.19964011, v_yaw=0
[2025-11-24 23:31:49.211] [info] Current: vx=-0.0022430667, vy=0.068726376, v_yaw=0
[2025-11-24 23:31:49.211] [info] Current FL Speed: -0, FR Speed: 0, BL Speed: -0, BR Speed: -0
[2025-11-24 23:31:49.260] [info] Target: vx=-0.01598294, vy=0.19936034, v_yaw=0
[2025-11-24 23:31:49.261] [info] Current: vx=-0.0036170543, vy=0.08178977, v_yaw=0
[2025-11-24 23:31:49.261] [info] Current FL Speed: -0, FR Speed: 0, BL Speed: -0, BR Speed: -0
[2025-11-24 23:31:49.310] [info] Target: vx=-0.019966686, vy=0.19900084, v_yaw=0
[2025-11-24 23:31:49.311] [info] Current: vx=-0.0052520176, vy=0.09351087, v_yaw=0
[2025-11-24 23:31:49.311] [info] Current FL Speed: -0, FR Speed: 0, BL Speed: -0, BR Speed: -0
[2025-11-24 23:31:49.360] [info] Target: vx=-0.023942444, vy=0.19856173, v_yaw=0
[2025-11-24 23:31:49.361] [info] Current: vx=-0.00712106, vy=0.10401596, v_yaw=0
[2025-11-24 23:31:49.361] [info] Current FL Speed: -0, FR Speed: 0, BL Speed: -0, BR Speed: -0
[2025-11-24 23:31:49.410] [info] Target: vx=-0.027908627, vy=0.1980432, v_yaw=0
[2025-11-24 23:31:49.411] [info] Current: vx=-0.009199817, vy=0.11341868, v_yaw=0
[2025-11-24 23:31:49.411] [info] Current FL Speed: -0, FR Speed: 0, BL Speed: -0, BR Speed: -0
[2025-11-24 23:31:49.460] [info] Target: vx=-0.031863645, vy=0.19744545, v_yaw=0
[2025-11-24 23:31:49.461] [info] Current: vx=-0.0114661995, vy=0.12182136, v_yaw=0
[2025-11-24 23:31:49.461] [info] Current FL Speed: -0, FR Speed: 0, BL Speed: -0, BR Speed: -0
[2025-11-24 23:31:49.510] [info] Target: vx=-0.03580592, vy=0.19676875, v_yaw=0
[2025-11-24 23:31:49.511] [info] Current: vx=-0.013900172, vy=0.12931609, v_yaw=0
[2025-11-24 23:31:49.511] [info] Current FL Speed: -0, FR Speed: 0, BL Speed: -0, BR Speed: -0
[2025-11-24 23:31:49.560] [info] Target: vx=-0.039733868, vy=0.19601332, v_yaw=0
[2025-11-24 23:31:49.561] [info] Current: vx=-0.016483542, vy=0.13598582, v_yaw=0
[2025-11-24 23:31:49.561] [info] Current FL Speed: -0, FR Speed: 0, BL Speed: -0, BR Speed: -0
[2025-11-24 23:31:49.610] [info] Target: vx=-0.043645926, vy=0.19517949, v_yaw=0
[2025-11-24 23:31:49.611] [info] Current: vx=-0.01919978, vy=0.14190519, v_yaw=0
[2025-11-24 23:31:49.611] [info] Current FL Speed: -0, FR Speed: 0, BL Speed: -0, BR Speed: -0
[2025-11-24 23:31:49.660] [info] Target: vx=-0.047540523, vy=0.1942676, v_yaw=0
[2025-11-24 23:31:49.661] [info] Current: vx=-0.022033853, vy=0.14714143, v_yaw=0
[2025-11-24 23:31:49.661] [info] Current FL Speed: -0, FR Speed: 0, BL Speed: -0, BR Speed: -0
[2025-11-24 23:31:49.710] [info] Target: vx=-0.05141611, vy=0.193278, v_yaw=0
[2025-11-24 23:31:49.711] [info] Current: vx=-0.02497208, vy=0.15175508, v_yaw=0
[2025-11-24 23:31:49.711] [info] Current FL Speed: -0, FR Speed: 0, BL Speed: -0, BR Speed: -0
[2025-11-24 23:31:49.760] [info] Target: vx=-0.05527113, vy=0.19221109, v_yaw=0
[2025-11-24 23:31:49.761] [info] Current: vx=-0.028001985, vy=0.15580069, v_yaw=0
[2025-11-24 23:31:49.761] [info] Current FL Speed: -0, FR Speed: 0, BL Speed: -0, BR Speed: -0
[2025-11-24 23:31:49.811] [info] Target: vx=-0.059104044, vy=0.1910673, v_yaw=0
[2025-11-24 23:31:49.811] [info] Current: vx=-0.03111219, vy=0.15932734, v_yaw=0
[2025-11-24 23:31:49.811] [info] Current FL Speed: -0, FR Speed: 0, BL Speed: -0, BR Speed: -0
[2025-11-24 23:31:49.860] [info] Target: vx=-0.06291332, vy=0.18984708, v_yaw=0
[2025-11-24 23:31:49.861] [info] Current: vx=-0.034292303, vy=0.16237932, v_yaw=0
[2025-11-24 23:31:49.861] [info] Current FL Speed: -0, FR Speed: 0, BL Speed: -0, BR Speed: -0
[2025-11-24 23:31:49.910] [info] Target: vx=-0.066697426, vy=0.18855093, v_yaw=0
[2025-11-24 23:31:49.911] [info] Current: vx=-0.037532814, vy=0.16499649, v_yaw=0
[2025-11-24 23:31:49.911] [info] Current FL Speed: -0, FR Speed: 0, BL Speed: -0, BR Speed: -0
[2025-11-24 23:31:49.960] [info] Target: vx=-0.07045486, vy=0.18717937, v_yaw=0
[2025-11-24 23:31:49.961] [info] Current: vx=-0.040825017, vy=0.16721478, v_yaw=0
[2025-11-24 23:31:49.961] [info] Current FL Speed: -0, FR Speed: 0, BL Speed: -0, BR Speed: -0
[2025-11-24 23:31:50.010] [info] Target: vx=-0.074184105, vy=0.18573293, v_yaw=0
[2025-11-24 23:31:50.011] [info] Current: vx=-0.044160925, vy=0.1690666, v_yaw=0
[2025-11-24 23:31:50.011] [info] Current FL Speed: -0, FR Speed: 0, BL Speed: -0, BR Speed: -0
[2025-11-24 23:31:50.060] [info] Target: vx=-0.07788368, vy=0.1842122, v_yaw=0
[2025-11-24 23:31:50.061] [info] Current: vx=-0.0475332, vy=0.17058115, v_yaw=0
[2025-11-24 23:31:50.061] [info] Current FL Speed: -0, FR Speed: 0, BL Speed: -0, BR Speed: -0
[2025-11-24 23:31:50.110] [info] Target: vx=-0.0815521, vy=0.18261778, v_yaw=0
[2025-11-24 23:31:50.111] [info] Current: vx=-0.05093509, vy=0.17178482, v_yaw=0
[2025-11-24 23:31:50.111] [info] Current FL Speed: -0, FR Speed: 0, BL Speed: -0, BR Speed: -0
[2025-11-24 23:31:50.160] [info] Target: vx=-0.08518791, vy=0.18095033, v_yaw=0
[2025-11-24 23:31:50.161] [info] Current: vx=-0.05436037, vy=0.17270137, v_yaw=0
[2025-11-24 23:31:50.161] [info] Current FL Speed: -0, FR Speed: 0, BL Speed: -0, BR Speed: -0
[2025-11-24 23:31:50.210] [info] Target: vx=-0.08878964, vy=0.1792105, v_yaw=0
[2025-11-24 23:31:50.211] [info] Current: vx=-0.0578033, vy=0.17335229, v_yaw=0
[2025-11-24 23:31:50.211] [info] Current FL Speed: -0, FR Speed: 0, BL Speed: -0, BR Speed: -0
[2025-11-24 23:31:50.260] [info] Target: vx=-0.092355855, vy=0.17739898, v_yaw=0
[2025-11-24 23:31:50.261] [info] Current: vx=-0.061258554, vy=0.17375696, v_yaw=0
[2025-11-24 23:31:50.261] [info] Current FL Speed: -0, FR Speed: 0, BL Speed: -0, BR Speed: -0
[2025-11-24 23:31:50.311] [info] Target: vx=-0.09588513, vy=0.1755165, v_yaw=0
[2025-11-24 23:31:50.311] [info] Current: vx=-0.06472121, vy=0.17393291, v_yaw=0
[2025-11-24 23:31:50.311] [info] Current FL Speed: -0, FR Speed: 0, BL Speed: -0, BR Speed: -0
[2025-11-24 23:31:50.360] [info] Target: vx=-0.099376045, vy=0.17356382, v_yaw=0
[2025-11-24 23:31:50.361] [info] Current: vx=-0.06818669, vy=0.173896, v_yaw=0
[2025-11-24 23:31:50.361] [info] Current FL Speed: -0, FR Speed: 0, BL Speed: -0, BR Speed: -0
[2025-11-24 23:31:50.410] [info] Target: vx=-0.10282721, vy=0.17154174, v_yaw=0
[2025-11-24 23:31:50.411] [info] Current: vx=-0.07165074, vy=0.17366058, v_yaw=0
[2025-11-24 23:31:50.411] [info] Current FL Speed: -0, FR Speed: 0, BL Speed: -0, BR Speed: -0
[2025-11-24 23:31:50.460] [info] Target: vx=-0.106237255, vy=0.16945101, v_yaw=0
[2025-11-24 23:31:50.461] [info] Current: vx=-0.07510939, vy=0.17323962, v_yaw=0
[2025-11-24 23:31:50.461] [info] Current FL Speed: -0, FR Speed: 0, BL Speed: -0, BR Speed: -0
[2025-11-24 23:31:50.510] [info] Target: vx=-0.1096048, vy=0.16729252, v_yaw=0
[2025-11-24 23:31:50.511] [info] Current: vx=-0.07855894, vy=0.17264491, v_yaw=0
[2025-11-24 23:31:50.511] [info] Current FL Speed: -0, FR Speed: 0, BL Speed: -0, BR Speed: -0
[2025-11-24 23:31:50.560] [info] Target: vx=-0.1129285, vy=0.16506712, v_yaw=0
[2025-11-24 23:31:50.561] [info] Current: vx=-0.08199589, vy=0.17188713, v_yaw=0
[2025-11-24 23:31:50.561] [info] Current FL Speed: -0, FR Speed: 0, BL Speed: -0, BR Speed: -0
[2025-11-24 23:31:50.610] [info] Target: vx=-0.11620703, vy=0.1627757, v_yaw=0
[2025-11-24 23:31:50.611] [info] Current: vx=-0.085417, vy=0.17097598, v_yaw=0
[2025-11-24 23:31:50.611] [info] Current FL Speed: -0, FR Speed: 0, BL Speed: -0, BR Speed: -0
[2025-11-24 23:31:50.660] [info] Target: vx=-0.11943909, vy=0.16041915, v_yaw=0
[2025-11-24 23:31:50.661] [info] Current: vx=-0.08881921, vy=0.1699203, v_yaw=0
[2025-11-24 23:31:50.661] [info] Current FL Speed: -0, FR Speed: 0, BL Speed: -0, BR Speed: -0
[2025-11-24 23:31:50.710] [info] Target: vx=-0.12262337, vy=0.15799846, v_yaw=0
[2025-11-24 23:31:50.711] [info] Current: vx=-0.09219963, vy=0.16872811, v_yaw=0
[2025-11-24 23:31:50.711] [info] Current FL Speed: -0, FR Speed: 0, BL Speed: -0, BR Speed: -0
[2025-11-24 23:31:50.760] [info] Target: vx=-0.1257586, vy=0.15551455, v_yaw=0
[2025-11-24 23:31:50.761] [info] Current: vx=-0.09555553, vy=0.16740675, v_yaw=0
[2025-11-24 23:31:50.761] [info] Current FL Speed: -0, FR Speed: 0, BL Speed: -0, BR Speed: -0
[2025-11-24 23:31:50.810] [info] Target: vx=-0.12884353, vy=0.15296845, v_yaw=0
[2025-11-24 23:31:50.811] [info] Current: vx=-0.09888433, vy=0.16596292, v_yaw=0
[2025-11-24 23:31:50.811] [info] Current FL Speed: -0, FR Speed: 0, BL Speed: -0, BR Speed: -0
[2025-11-24 23:31:50.860] [info] Target: vx=-0.13187692, vy=0.15036117, v_yaw=0
[2025-11-24 23:31:50.861] [info] Current: vx=-0.10218359, vy=0.16440274, v_yaw=0
[2025-11-24 23:31:50.861] [info] Current FL Speed: -0, FR Speed: 0, BL Speed: -0, BR Speed: -0
[2025-11-24 23:31:50.910] [info] Target: vx=-0.13485757, vy=0.14769372, v_yaw=0
[2025-11-24 23:31:50.911] [info] Current: vx=-0.10545099, vy=0.16273184, v_yaw=0
[2025-11-24 23:31:50.911] [info] Current FL Speed: -0, FR Speed: 0, BL Speed: -0, BR Speed: -0
[2025-11-24 23:31:50.960] [info] Target: vx=-0.13778427, vy=0.14496723, v_yaw=0
[2025-11-24 23:31:50.961] [info] Current: vx=-0.10868432, vy=0.16095538, v_yaw=0
[2025-11-24 23:31:50.961] [info] Current FL Speed: -0, FR Speed: 0, BL Speed: -0, BR Speed: -0
[2025-11-24 23:31:51.010] [info] Target: vx=-0.14065586, vy=0.14218274, v_yaw=0
[2025-11-24 23:31:51.011] [info] Current: vx=-0.11188147, vy=0.15907812, v_yaw=0
[2025-11-24 23:31:51.011] [info] Current FL Speed: -0, FR Speed: 0, BL Speed: -0, BR Speed: -0
[2025-11-24 23:31:51.060] [info] Target: vx=-0.1434712, vy=0.13934137, v_yaw=0
[2025-11-24 23:31:51.061] [info] Current: vx=-0.115040444, vy=0.15710445, v_yaw=0
[2025-11-24 23:31:51.061] [info] Current FL Speed: -0, FR Speed: 0, BL Speed: -0, BR Speed: -0
[2025-11-24 23:31:51.110] [info] Target: vx=-0.14622915, vy=0.13644427, v_yaw=0
[2025-11-24 23:31:51.111] [info] Current: vx=-0.11815932, vy=0.15503843, v_yaw=0
[2025-11-24 23:31:51.111] [info] Current FL Speed: -0, FR Speed: 0, BL Speed: -0, BR Speed: -0
[2025-11-24 23:31:51.160] [info] Target: vx=-0.1489286, vy=0.1334926, v_yaw=0
[2025-11-24 23:31:51.161] [info] Current: vx=-0.12123624, vy=0.15288384, v_yaw=0
[2025-11-24 23:31:51.161] [info] Current FL Speed: -0, FR Speed: 0, BL Speed: -0, BR Speed: -0
[2025-11-24 23:31:51.211] [info] Target: vx=-0.15156849, vy=0.13048753, v_yaw=0
[2025-11-24 23:31:51.211] [info] Current: vx=-0.12426947, vy=0.15064421, v_yaw=0
[2025-11-24 23:31:51.211] [info] Current FL Speed: -0, FR Speed: 0, BL Speed: -0, BR Speed: -0
[2025-11-24 23:31:51.260] [info] Target: vx=-0.15414774, vy=0.12743028, v_yaw=0
[2025-11-24 23:31:51.261] [info] Current: vx=-0.1272573, vy=0.14832282, v_yaw=0
[2025-11-24 23:31:51.261] [info] Current FL Speed: -0, FR Speed: 0, BL Speed: -0, BR Speed: -0
[2025-11-24 23:31:51.310] [info] Target: vx=-0.15666535, vy=0.124322034, v_yaw=0
[2025-11-24 23:31:51.311] [info] Current: vx=-0.1301981, vy=0.14592274, v_yaw=0
[2025-11-24 23:31:51.311] [info] Current FL Speed: -0, FR Speed: 0, BL Speed: -0, BR Speed: -0
[2025-11-24 23:31:51.360] [info] Target: vx=-0.15912029, vy=0.121164076, v_yaw=0
[2025-11-24 23:31:51.361] [info] Current: vx=-0.13309032, vy=0.14344686, v_yaw=0
[2025-11-24 23:31:51.361] [info] Current FL Speed: -0, FR Speed: 0, BL Speed: -0, BR Speed: -0
[2025-11-24 23:31:51.410] [info] Target: vx=-0.16151159, vy=0.11795765, v_yaw=0
[2025-11-24 23:31:51.411] [info] Current: vx=-0.13593245, vy=0.14089794, v_yaw=0
[2025-11-24 23:31:51.411] [info] Current FL Speed: -0, FR Speed: 0, BL Speed: -0, BR Speed: -0
[2025-11-24 23:31:51.460] [info] Target: vx=-0.16383828, vy=0.11470405, v_yaw=0
[2025-11-24 23:31:51.461] [info] Current: vx=-0.13872303, vy=0.13827856, v_yaw=0
[2025-11-24 23:31:51.461] [info] Current FL Speed: -0, FR Speed: 0, BL Speed: -0, BR Speed: -0
[2025-11-24 23:31:51.510] [info] Target: vx=-0.16609944, vy=0.11140457, v_yaw=0
[2025-11-24 23:31:51.511] [info] Current: vx=-0.14146067, vy=0.13559116, v_yaw=0
[2025-11-24 23:31:51.511] [info] Current FL Speed: -0, FR Speed: 0, BL Speed: -0, BR Speed: -0
[2025-11-24 23:31:51.560] [info] Target: vx=-0.16829416, vy=0.108060524, v_yaw=0
[2025-11-24 23:31:51.561] [info] Current: vx=-0.14414403, vy=0.1328381, v_yaw=0
[2025-11-24 23:31:51.561] [info] Current FL Speed: -0, FR Speed: 0, BL Speed: -0, BR Speed: -0
[2025-11-24 23:31:51.610] [info] Target: vx=-0.17042157, vy=0.10467326, v_yaw=0
[2025-11-24 23:31:51.611] [info] Current: vx=-0.14677179, vy=0.13002162, v_yaw=0
[2025-11-24 23:31:51.611] [info] Current FL Speed: -0, FR Speed: 0, BL Speed: -0, BR Speed: -0
[2025-11-24 23:31:51.660] [info] Target: vx=-0.1724808, vy=0.10124412, v_yaw=0
[2025-11-24 23:31:51.661] [info] Current: vx=-0.14934269, vy=0.12714386, v_yaw=0
[2025-11-24 23:31:51.661] [info] Current FL Speed: -0, FR Speed: 0, BL Speed: -0, BR Speed: -0
[2025-11-24 23:31:51.710] [info] Target: vx=-0.17447107, vy=0.09777449, v_yaw=0
[2025-11-24 23:31:51.711] [info] Current: vx=-0.15185553, vy=0.12420692, v_yaw=0
[2025-11-24 23:31:51.711] [info] Current FL Speed: -0, FR Speed: 0, BL Speed: -0, BR Speed: -0
[2025-11-24 23:31:51.760] [info] Target: vx=-0.17639153, vy=0.09426575, v_yaw=0
[2025-11-24 23:31:51.761] [info] Current: vx=-0.15430912, vy=0.1212128, v_yaw=0
[2025-11-24 23:31:51.761] [info] Current FL Speed: -0, FR Speed: 0, BL Speed: -0, BR Speed: -0
[2025-11-24 23:31:51.810] [info] Target: vx=-0.17824143, vy=0.090719305, v_yaw=0
[2025-11-24 23:31:51.811] [info] Current: vx=-0.15670235, vy=0.11816345, v_yaw=0
[2025-11-24 23:31:51.811] [info] Current FL Speed: -0, FR Speed: 0, BL Speed: -0, BR Speed: -0
[2025-11-24 23:31:51.860] [info] Target: vx=-0.18002005, vy=0.087136574, v_yaw=0
[2025-11-24 23:31:51.861] [info] Current: vx=-0.15903412, vy=0.11506076, v_yaw=0
[2025-11-24 23:31:51.861] [info] Current FL Speed: -0, FR Speed: 0, BL Speed: -0, BR Speed: -0
[2025-11-24 23:31:51.910] [info] Target: vx=-0.18172666, vy=0.08351899, v_yaw=0
[2025-11-24 23:31:51.911] [info] Current: vx=-0.16130337, vy=0.11190659, v_yaw=0
[2025-11-24 23:31:51.911] [info] Current FL Speed: -0, FR Speed: 0, BL Speed: -0, BR Speed: -0
[2025-11-24 23:31:51.960] [info] Target: vx=-0.18336058, vy=0.079868004, v_yaw=0
[2025-11-24 23:31:51.961] [info] Current: vx=-0.16350909, vy=0.10870273, v_yaw=0
[2025-11-24 23:31:51.961] [info] Current FL Speed: -0, FR Speed: 0, BL Speed: -0, BR Speed: -0
[2025-11-24 23:31:52.010] [info] Target: vx=-0.18492116, vy=0.07618506, v_yaw=0
[2025-11-24 23:31:52.011] [info] Current: vx=-0.1656503, vy=0.10545096, v_yaw=0
[2025-11-24 23:31:52.011] [info] Current FL Speed: -0, FR Speed: 0, BL Speed: -0, BR Speed: -0
[2025-11-24 23:31:52.060] [info] Target: vx=-0.18640777, vy=0.072471656, v_yaw=0
[2025-11-24 23:31:52.061] [info] Current: vx=-0.16772604, vy=0.102153026, v_yaw=0
[2025-11-24 23:31:52.061] [info] Current FL Speed: -0, FR Speed: 0, BL Speed: -0, BR Speed: -0
[2025-11-24 23:31:52.110] [info] Target: vx=-0.18781984, vy=0.06872926, v_yaw=0
[2025-11-24 23:31:52.111] [info] Current: vx=-0.16973542, vy=0.09881065, v_yaw=0
[2025-11-24 23:31:52.111] [info] Current FL Speed: -0, FR Speed: 0, BL Speed: -0, BR Speed: -0
[2025-11-24 23:31:52.160] [info] Target: vx=-0.18915677, vy=0.06495937, v_yaw=0
[2025-11-24 23:31:52.161] [info] Current: vx=-0.17167756, vy=0.095425524, v_yaw=0
[2025-11-24 23:31:52.161] [info] Current FL Speed: -0, FR Speed: 0, BL Speed: -0, BR Speed: -0
[2025-11-24 23:31:52.210] [info] Target: vx=-0.19041803, vy=0.061163496, v_yaw=0
[2025-11-24 23:31:52.211] [info] Current: vx=-0.1735516, vy=0.09199932, v_yaw=0
[2025-11-24 23:31:52.211] [info] Current FL Speed: -0, FR Speed: 0, BL Speed: -0, BR Speed: -0
[2025-11-24 23:31:52.260] [info] Target: vx=-0.19160314, vy=0.057343163, v_yaw=0
[2025-11-24 23:31:52.261] [info] Current: vx=-0.17535676, vy=0.08853371, v_yaw=0
[2025-11-24 23:31:52.261] [info] Current FL Speed: -0, FR Speed: 0, BL Speed: -0, BR Speed: -0
[2025-11-24 23:31:52.310] [info] Target: vx=-0.1927116, vy=0.053499892, v_yaw=0
[2025-11-24 23:31:52.311] [info] Current: vx=-0.17709224, vy=0.085030325, v_yaw=0
[2025-11-24 23:31:52.311] [info] Current FL Speed: -0, FR Speed: 0, BL Speed: -0, BR Speed: -0
[2025-11-24 23:31:52.360] [info] Target: vx=-0.19374299, vy=0.04963522, v_yaw=0
[2025-11-24 23:31:52.361] [info] Current: vx=-0.17875731, vy=0.081490815, v_yaw=0
[2025-11-24 23:31:52.361] [info] Current FL Speed: -0, FR Speed: 0, BL Speed: -0, BR Speed: -0
[2025-11-24 23:31:52.410] [info] Target: vx=-0.19469687, vy=0.045750696, v_yaw=0
[2025-11-24 23:31:52.411] [info] Current: vx=-0.18035127, vy=0.0779168, v_yaw=0
[2025-11-24 23:31:52.411] [info] Current FL Speed: -0, FR Speed: 0, BL Speed: -0, BR Speed: -0
[2025-11-24 23:31:52.460] [info] Target: vx=-0.1955729, vy=0.04184787, v_yaw=0
[2025-11-24 23:31:52.461] [info] Current: vx=-0.18187344, vy=0.07430991, v_yaw=0
[2025-11-24 23:31:52.461] [info] Current FL Speed: -0, FR Speed: 0, BL Speed: -0, BR Speed: -0
[2025-11-24 23:31:52.510] [info] Target: vx=-0.19637068, vy=0.03792831, v_yaw=0
[2025-11-24 23:31:52.511] [info] Current: vx=-0.18332316, vy=0.070671745, v_yaw=0
[2025-11-24 23:31:52.511] [info] Current FL Speed: -0, FR Speed: 0, BL Speed: -0, BR Speed: -0
[2025-11-24 23:31:52.560] [info] Target: vx=-0.19708993, vy=0.033993576, v_yaw=0
[2025-11-24 23:31:52.561] [info] Current: vx=-0.18469983, vy=0.06700393, v_yaw=0
[2025-11-24 23:31:52.561] [info] Current FL Speed: -0, FR Speed: 0, BL Speed: -0, BR Speed: -0
[2025-11-24 23:31:52.610] [info] Target: vx=-0.19773033, vy=0.030045245, v_yaw=0
[2025-11-24 23:31:52.611] [info] Current: vx=-0.18600288, vy=0.06330806, v_yaw=0
[2025-11-24 23:31:52.611] [info] Current FL Speed: -0, FR Speed: 0, BL Speed: -0, BR Speed: -0
[2025-11-24 23:31:52.660] [info] Target: vx=-0.19829166, vy=0.026084896, v_yaw=0
[2025-11-24 23:31:52.661] [info] Current: vx=-0.18723176, vy=0.059585743, v_yaw=0
[2025-11-24 23:31:52.661] [info] Current FL Speed: -0, FR Speed: 0, BL Speed: -0, BR Speed: -0
[2025-11-24 23:31:52.710] [info] Target: vx=-0.19877365, vy=0.022114115, v_yaw=0
[2025-11-24 23:31:52.711] [info] Current: vx=-0.18838595, vy=0.05583858, v_yaw=0
[2025-11-24 23:31:52.711] [info] Current FL Speed: -0, FR Speed: 0, BL Speed: -0, BR Speed: -0
[2025-11-24 23:31:52.760] [info] Target: vx=-0.19917616, vy=0.018134488, v_yaw=0
[2025-11-24 23:31:52.761] [info] Current: vx=-0.18946497, vy=0.05206817, v_yaw=0
[2025-11-24 23:31:52.761] [info] Current FL Speed: -0, FR Speed: 0, BL Speed: -0, BR Speed: -0
[2025-11-24 23:31:52.810] [info] Target: vx=-0.19949898, vy=0.014147607, v_yaw=0
[2025-11-24 23:31:52.811] [info] Current: vx=-0.19046837, vy=0.048276115, v_yaw=0
[2025-11-24 23:31:52.811] [info] Current FL Speed: -0, FR Speed: 0, BL Speed: -0, BR Speed: -0
[2025-11-24 23:31:52.860] [info] Target: vx=-0.19974202, vy=0.010155068, v_yaw=0
[2025-11-24 23:31:52.861] [info] Current: vx=-0.19139573, vy=0.04446401, v_yaw=0
[2025-11-24 23:31:52.861] [info] Current FL Speed: -0, FR Speed: 0, BL Speed: -0, BR Speed: -0
[2025-11-24 23:31:52.910] [info] Target: vx=-0.19990516, vy=0.0061584665, v_yaw=0
[2025-11-24 23:31:52.911] [info] Current: vx=-0.19224668, vy=0.040633455, v_yaw=0
[2025-11-24 23:31:52.911] [info] Current FL Speed: -0, FR Speed: 0, BL Speed: -0, BR Speed: -0
[2025-11-24 23:31:52.960] [info] Target: vx=-0.19998835, vy=0.0021594018, v_yaw=0
[2025-11-24 23:31:52.961] [info] Current: vx=-0.19302085, vy=0.03678605, v_yaw=0
[2025-11-24 23:31:52.961] [info] Current FL Speed: -0, FR Speed: 0, BL Speed: -0, BR Speed: -0
[2025-11-24 23:31:53.010] [info] Target: vx=-0.19999154, vy=-0.0018405266, v_yaw=0
[2025-11-24 23:31:53.011] [info] Current: vx=-0.19371793, vy=0.032923393, v_yaw=0
[2025-11-24 23:31:53.011] [info] Current FL Speed: -0, FR Speed: 0, BL Speed: -0, BR Speed: -0
[2025-11-24 23:31:53.060] [info] Target: vx=-0.19991472, vy=-0.0058397185, v_yaw=0
[2025-11-24 23:31:53.061] [info] Current: vx=-0.1943376, vy=0.029047081, v_yaw=0
[2025-11-24 23:31:53.061] [info] Current FL Speed: -0, FR Speed: 0, BL Speed: -0, BR Speed: -0
[2025-11-24 23:31:53.111] [info] Target: vx=-0.19975796, vy=-0.009836575, v_yaw=0
[2025-11-24 23:31:53.111] [info] Current: vx=-0.19487964, vy=0.025158716, v_yaw=0
[2025-11-24 23:31:53.111] [info] Current FL Speed: -0, FR Speed: 0, BL Speed: -0, BR Speed: -0
[2025-11-24 23:31:53.161] [info] Target: vx=-0.19952129, vy=-0.013829497, v_yaw=0
[2025-11-24 23:31:53.161] [info] Current: vx=-0.1953438, vy=0.021259895, v_yaw=0
[2025-11-24 23:31:53.161] [info] Current FL Speed: -0, FR Speed: 0, BL Speed: -0, BR Speed: -0
[2025-11-24 23:31:53.210] [info] Target: vx=-0.19920482, vy=-0.017816886, v_yaw=0
[2025-11-24 23:31:53.211] [info] Current: vx=-0.19572991, vy=0.017352216, v_yaw=0
[2025-11-24 23:31:53.211] [info] Current FL Speed: -0, FR Speed: 0, BL Speed: -0, BR Speed: -0
[2025-11-24 23:31:53.261] [info] Target: vx=-0.19880867, vy=-0.02179715, v_yaw=0
[2025-11-24 23:31:53.261] [info] Current: vx=-0.19603778, vy=0.013437279, v_yaw=0
[2025-11-24 23:31:53.261] [info] Current FL Speed: -0, FR Speed: 0, BL Speed: -0, BR Speed: -0
[2025-11-24 23:31:53.310] [info] Target: vx=-0.198333, vy=-0.025768695, v_yaw=0
[2025-11-24 23:31:53.311] [info] Current: vx=-0.1962673, vy=0.009516681, v_yaw=0
[2025-11-24 23:31:53.311] [info] Current FL Speed: -0, FR Speed: 0, BL Speed: -0, BR Speed: -0
[2025-11-24 23:31:53.360] [info] Target: vx=-0.19777799, vy=-0.029729934, v_yaw=0
[2025-11-24 23:31:53.361] [info] Current: vx=-0.19641837, vy=0.005592019, v_yaw=0
[2025-11-24 23:31:53.361] [info] Current FL Speed: -0, FR Speed: 0, BL Speed: -0, BR Speed: -0
[2025-11-24 23:31:53.410] [info] Target: vx=-0.19714387, vy=-0.03367928, v_yaw=0
[2025-11-24 23:31:53.411] [info] Current: vx=-0.19649093, vy=0.001664889, v_yaw=0
[2025-11-24 23:31:53.411] [info] Current FL Speed: -0, FR Speed: 0, BL Speed: -0, BR Speed: -0
[2025-11-24 23:31:53.460] [info] Target: vx=-0.1964309, vy=-0.037615154, v_yaw=0
[2025-11-24 23:31:53.461] [info] Current: vx=-0.19648492, vy=-0.0022631153, v_yaw=0
[2025-11-24 23:31:53.461] [info] Current FL Speed: -0, FR Speed: 0, BL Speed: -0, BR Speed: -0
[2025-11-24 23:31:53.510] [info] Target: vx=-0.19563937, vy=-0.041535985, v_yaw=0
[2025-11-24 23:31:53.511] [info] Current: vx=-0.19640037, vy=-0.0061904024, v_yaw=0
[2025-11-24 23:31:53.511] [info] Current FL Speed: -0, FR Speed: 0, BL Speed: -0, BR Speed: -0
[2025-11-24 23:31:53.560] [info] Target: vx=-0.19476958, vy=-0.0454402, v_yaw=0
[2025-11-24 23:31:53.561] [info] Current: vx=-0.1962373, vy=-0.010115383, v_yaw=0
[2025-11-24 23:31:53.561] [info] Current FL Speed: -0, FR Speed: 0, BL Speed: -0, BR Speed: -0
[2025-11-24 23:31:53.610] [info] Target: vx=-0.19382189, vy=-0.04932624, v_yaw=0
[2025-11-24 23:31:53.611] [info] Current: vx=-0.19599575, vy=-0.014036469, v_yaw=0
[2025-11-24 23:31:53.611] [info] Current FL Speed: -0, FR Speed: 0, BL Speed: -0, BR Speed: -0
[2025-11-24 23:31:53.660] [info] Target: vx=-0.19279666, vy=-0.053192552, v_yaw=0
[2025-11-24 23:31:53.661] [info] Current: vx=-0.19567584, vy=-0.017952077, v_yaw=0
[2025-11-24 23:31:53.661] [info] Current FL Speed: -0, FR Speed: 0, BL Speed: -0, BR Speed: -0
[2025-11-24 23:31:53.710] [info] Target: vx=-0.19169432, vy=-0.05703759, v_yaw=0
[2025-11-24 23:31:53.711] [info] Current: vx=-0.19527769, vy=-0.02186063, v_yaw=0
[2025-11-24 23:31:53.711] [info] Current FL Speed: -0, FR Speed: 0, BL Speed: -0, BR Speed: -0
[2025-11-24 23:31:53.760] [info] Target: vx=-0.19051531, vy=-0.060859807, v_yaw=0
[2025-11-24 23:31:53.761] [info] Current: vx=-0.19480145, vy=-0.025760546, v_yaw=0
[2025-11-24 23:31:53.761] [info] Current FL Speed: -0, FR Speed: 0, BL Speed: -0, BR Speed: -0
[2025-11-24 23:31:53.810] [info] Target: vx=-0.1892601, vy=-0.06465768, v_yaw=0
[2025-11-24 23:31:53.811] [info] Current: vx=-0.19424732, vy=-0.02965026, v_yaw=0
[2025-11-24 23:31:53.811] [info] Current FL Speed: -0, FR Speed: 0, BL Speed: -0, BR Speed: -0
[2025-11-24 23:31:53.860] [info] Target: vx=-0.18792918, vy=-0.0684297, v_yaw=0
[2025-11-24 23:31:53.861] [info] Current: vx=-0.19361551, vy=-0.033528205, v_yaw=0
[2025-11-24 23:31:53.861] [info] Current FL Speed: -0, FR Speed: 0, BL Speed: -0, BR Speed: -0
[2025-11-24 23:31:53.910] [info] Target: vx=-0.1865231, vy=-0.07217434, v_yaw=0
[2025-11-24 23:31:53.911] [info] Current: vx=-0.19290628, vy=-0.037392817, v_yaw=0
[2025-11-24 23:31:53.911] [info] Current FL Speed: -0, FR Speed: 0, BL Speed: -0, BR Speed: -0
[2025-11-24 23:31:53.960] [info] Target: vx=-0.1850424, vy=-0.07589012, v_yaw=0
[2025-11-24 23:31:53.961] [info] Current: vx=-0.19211988, vy=-0.041242547, v_yaw=0
[2025-11-24 23:31:53.961] [info] Current FL Speed: -0, FR Speed: 0, BL Speed: -0, BR Speed: -0
[2025-11-24 23:31:54.010] [info] Target: vx=-0.1834877, vy=-0.07957554, v_yaw=0
[2025-11-24 23:31:54.011] [info] Current: vx=-0.19125666, vy=-0.045075845, v_yaw=0
[2025-11-24 23:31:54.011] [info] Current FL Speed: -0, FR Speed: 0, BL Speed: -0, BR Speed: -0
[2025-11-24 23:31:54.060] [info] Target: vx=-0.1818596, vy=-0.08322913, v_yaw=0
[2025-11-24 23:31:54.061] [info] Current: vx=-0.19031695, vy=-0.04889117, v_yaw=0
[2025-11-24 23:31:54.061] [info] Current FL Speed: -0, FR Speed: 0, BL Speed: -0, BR Speed: -0
[2025-11-24 23:31:54.110] [info] Target: vx=-0.18015875, vy=-0.08684945, v_yaw=0
[2025-11-24 23:31:54.111] [info] Current: vx=-0.18930113, vy=-0.052687, v_yaw=0
[2025-11-24 23:31:54.111] [info] Current FL Speed: -0, FR Speed: 0, BL Speed: -0, BR Speed: -0
[2025-11-24 23:31:54.160] [info] Target: vx=-0.17838584, vy=-0.09043501, v_yaw=0
[2025-11-24 23:31:54.161] [info] Current: vx=-0.18820961, vy=-0.056461804, v_yaw=0
[2025-11-24 23:31:54.161] [info] Current FL Speed: -0, FR Speed: 0, BL Speed: -0, BR Speed: -0
[2025-11-24 23:31:54.210] [info] Target: vx=-0.1765416, vy=-0.0939844, v_yaw=0
[2025-11-24 23:31:54.211] [info] Current: vx=-0.1870428, vy=-0.060214065, v_yaw=0
[2025-11-24 23:31:54.211] [info] Current FL Speed: -0, FR Speed: 0, BL Speed: -0, BR Speed: -0
[2025-11-24 23:31:54.260] [info] Target: vx=-0.17462672, vy=-0.097496204, v_yaw=0
[2025-11-24 23:31:54.261] [info] Current: vx=-0.1858012, vy=-0.063942276, v_yaw=0
[2025-11-24 23:31:54.261] [info] Current FL Speed: -0, FR Speed: 0, BL Speed: -0, BR Speed: -0
[2025-11-24 23:31:54.310] [info] Target: vx=-0.17264201, vy=-0.100969, v_yaw=0
[2025-11-24 23:31:54.311] [info] Current: vx=-0.18448527, vy=-0.06764495, v_yaw=0
[2025-11-24 23:31:54.311] [info] Current FL Speed: -0, FR Speed: 0, BL Speed: -0, BR Speed: -0
[2025-11-24 23:31:54.360] [info] Target: vx=-0.17058824, vy=-0.10440142, v_yaw=0
[2025-11-24 23:31:54.361] [info] Current: vx=-0.18309557, vy=-0.07132059, v_yaw=0
[2025-11-24 23:31:54.361] [info] Current FL Speed: -0, FR Speed: 0, BL Speed: -0, BR Speed: -0
[2025-11-24 23:31:54.410] [info] Target: vx=-0.16846623, vy=-0.107792065, v_yaw=0
[2025-11-24 23:31:54.411] [info] Current: vx=-0.18163264, vy=-0.07496774, v_yaw=0
[2025-11-24 23:31:54.411] [info] Current FL Speed: -0, FR Speed: 0, BL Speed: -0, BR Speed: -0
[2025-11-24 23:31:54.460] [info] Target: vx=-0.16627684, vy=-0.11113961, v_yaw=0
[2025-11-24 23:31:54.461] [info] Current: vx=-0.18009706, vy=-0.07858493, v_yaw=0
[2025-11-24 23:31:54.461] [info] Current FL Speed: -0, FR Speed: 0, BL Speed: -0, BR Speed: -0
[2025-11-24 23:31:54.511] [info] Target: vx=-0.16402094, vy=-0.11444269, v_yaw=0
[2025-11-24 23:31:54.511] [info] Current: vx=-0.17848945, vy=-0.08217071, v_yaw=0
[2025-11-24 23:31:54.511] [info] Current FL Speed: -0, FR Speed: 0, BL Speed: -0, BR Speed: -0
[2025-11-24 23:31:54.560] [info] Target: vx=-0.16169944, vy=-0.1177, v_yaw=0
[2025-11-24 23:31:54.561] [info] Current: vx=-0.17681044, vy=-0.08572364, v_yaw=0
[2025-11-24 23:31:54.561] [info] Current FL Speed: -0, FR Speed: 0, BL Speed: -0, BR Speed: -0
[2025-11-24 23:31:54.610] [info] Target: vx=-0.15931326, vy=-0.120910235, v_yaw=0
[2025-11-24 23:31:54.611] [info] Current: vx=-0.17506072, vy=-0.089242294, v_yaw=0
[2025-11-24 23:31:54.611] [info] Current FL Speed: -0, FR Speed: 0, BL Speed: -0, BR Speed: -0
[2025-11-24 23:31:54.660] [info] Target: vx=-0.15686336, vy=-0.124072105, v_yaw=0
[2025-11-24 23:31:54.661] [info] Current: vx=-0.17324099, vy=-0.09272528, v_yaw=0
[2025-11-24 23:31:54.661] [info] Current FL Speed: -0, FR Speed: 0, BL Speed: -0, BR Speed: -0
[2025-11-24 23:31:54.710] [info] Target: vx=-0.15435071, vy=-0.12718435, v_yaw=0
[2025-11-24 23:31:54.711] [info] Current: vx=-0.17135197, vy=-0.096171185, v_yaw=0
[2025-11-24 23:31:54.711] [info] Current FL Speed: -0, FR Speed: 0, BL Speed: -0, BR Speed: -0
[2025-11-24 23:31:54.760] [info] Target: vx=-0.15177633, vy=-0.13024572, v_yaw=0
[2025-11-24 23:31:54.761] [info] Current: vx=-0.1693944, vy=-0.09957864, v_yaw=0
[2025-11-24 23:31:54.761] [info] Current FL Speed: -0, FR Speed: 0, BL Speed: -0, BR Speed: -0
[2025-11-24 23:31:54.810] [info] Target: vx=-0.14914124, vy=-0.13325499, v_yaw=0
[2025-11-24 23:31:54.811] [info] Current: vx=-0.16736908, vy=-0.102946274, v_yaw=0
[2025-11-24 23:31:54.811] [info] Current FL Speed: -0, FR Speed: 0, BL Speed: -0, BR Speed: -0
[2025-11-24 23:31:54.860] [info] Target: vx=-0.1464465, vy=-0.13621096, v_yaw=0
[2025-11-24 23:31:54.861] [info] Current: vx=-0.16527683, vy=-0.10627274, v_yaw=0
[2025-11-24 23:31:54.861] [info] Current FL Speed: -0, FR Speed: 0, BL Speed: -0, BR Speed: -0
[2025-11-24 23:31:54.910] [info] Target: vx=-0.14369318, vy=-0.13911244, v_yaw=0
[2025-11-24 23:31:54.911] [info] Current: vx=-0.16311847, vy=-0.10955671, v_yaw=0
[2025-11-24 23:31:54.911] [info] Current FL Speed: -0, FR Speed: 0, BL Speed: -0, BR Speed: -0
[2025-11-24 23:31:54.960] [info] Target: vx=-0.14088237, vy=-0.1419583, v_yaw=0
[2025-11-24 23:31:54.961] [info] Current: vx=-0.16089486, vy=-0.11279687, v_yaw=0
[2025-11-24 23:31:54.961] [info] Current FL Speed: -0, FR Speed: 0, BL Speed: -0, BR Speed: -0
[2025-11-24 23:31:55.010] [info] Target: vx=-0.13801523, vy=-0.14474736, v_yaw=0
[2025-11-24 23:31:55.011] [info] Current: vx=-0.15860689, vy=-0.11599192, v_yaw=0
[2025-11-24 23:31:55.011] [info] Current FL Speed: -0, FR Speed: 0, BL Speed: -0, BR Speed: -0
[2025-11-24 23:31:55.060] [info] Target: vx=-0.13509287, vy=-0.14747854, v_yaw=0
[2025-11-24 23:31:55.061] [info] Current: vx=-0.15625548, vy=-0.11914058, v_yaw=0
[2025-11-24 23:31:55.061] [info] Current FL Speed: -0, FR Speed: 0, BL Speed: -0, BR Speed: -0
[2025-11-24 23:31:55.110] [info] Target: vx=-0.13211648, vy=-0.15015072, v_yaw=0
[2025-11-24 23:31:55.111] [info] Current: vx=-0.15384158, vy=-0.122241594, v_yaw=0
[2025-11-24 23:31:55.111] [info] Current FL Speed: -0, FR Speed: 0, BL Speed: -0, BR Speed: -0
[2025-11-24 23:31:55.160] [info] Target: vx=-0.12908725, vy=-0.15276283, v_yaw=0
[2025-11-24 23:31:55.161] [info] Current: vx=-0.15136614, vy=-0.12529372, v_yaw=0
[2025-11-24 23:31:55.161] [info] Current FL Speed: -0, FR Speed: 0, BL Speed: -0, BR Speed: -0
[2025-11-24 23:31:55.210] [info] Target: vx=-0.12600638, vy=-0.15531385, v_yaw=0
[2025-11-24 23:31:55.211] [info] Current: vx=-0.14883018, vy=-0.12829573, v_yaw=0
[2025-11-24 23:31:55.211] [info] Current FL Speed: -0, FR Speed: 0, BL Speed: -0, BR Speed: -0
[2025-11-24 23:31:55.260] [info] Target: vx=-0.12287512, vy=-0.15780275, v_yaw=0
[2025-11-24 23:31:55.261] [info] Current: vx=-0.14623468, vy=-0.13124643, v_yaw=0
[2025-11-24 23:31:55.261] [info] Current FL Speed: -0, FR Speed: 0, BL Speed: -0, BR Speed: -0
[2025-11-24 23:31:55.310] [info] Target: vx=-0.119694695, vy=-0.16022852, v_yaw=0
[2025-11-24 23:31:55.311] [info] Current: vx=-0.14358068, vy=-0.13414463, v_yaw=0
[2025-11-24 23:31:55.311] [info] Current FL Speed: -0, FR Speed: 0, BL Speed: -0, BR Speed: -0
[2025-11-24 23:31:55.360] [info] Target: vx=-0.1164664, vy=-0.16259022, v_yaw=0
[2025-11-24 23:31:55.361] [info] Current: vx=-0.14086924, vy=-0.13698919, v_yaw=0
[2025-11-24 23:31:55.361] [info] Current FL Speed: -0, FR Speed: 0, BL Speed: -0, BR Speed: -0
[2025-11-24 23:31:55.410] [info] Target: vx=-0.11319153, vy=-0.16488686, v_yaw=0
[2025-11-24 23:31:55.411] [info] Current: vx=-0.13810147, vy=-0.13977896, v_yaw=0
[2025-11-24 23:31:55.411] [info] Current FL Speed: -0, FR Speed: 0, BL Speed: -0, BR Speed: -0
[2025-11-24 23:31:55.460] [info] Target: vx=-0.10987138, vy=-0.16711757, v_yaw=0
[2025-11-24 23:31:55.461] [info] Current: vx=-0.13527846, vy=-0.14251281, v_yaw=0
[2025-11-24 23:31:55.461] [info] Current FL Speed: -0, FR Speed: 0, BL Speed: -0, BR Speed: -0
[2025-11-24 23:31:55.510] [info] Target: vx=-0.10650728, vy=-0.16928142, v_yaw=0
[2025-11-24 23:31:55.511] [info] Current: vx=-0.13240135, vy=-0.14518967, v_yaw=0
[2025-11-24 23:31:55.511] [info] Current FL Speed: -0, FR Speed: 0, BL Speed: -0, BR Speed: -0
[2025-11-24 23:31:55.560] [info] Target: vx=-0.103100576, vy=-0.17137757, v_yaw=0
[2025-11-24 23:31:55.561] [info] Current: vx=-0.12947127, vy=-0.14780846, v_yaw=0
[2025-11-24 23:31:55.561] [info] Current FL Speed: -0, FR Speed: 0, BL Speed: -0, BR Speed: -0
[2025-11-24 23:31:55.610] [info] Target: vx=-0.09965264, vy=-0.17340517, v_yaw=0
[2025-11-24 23:31:55.611] [info] Current: vx=-0.12648942, vy=-0.15036814, v_yaw=0
[2025-11-24 23:31:55.611] [info] Current FL Speed: -0, FR Speed: 0, BL Speed: -0, BR Speed: -0
[2025-11-24 23:31:55.660] [info] Target: vx=-0.09616484, vy=-0.1753634, v_yaw=0
[2025-11-24 23:31:55.661] [info] Current: vx=-0.123456955, vy=-0.15286766, v_yaw=0
[2025-11-24 23:31:55.661] [info] Current FL Speed: -0, FR Speed: 0, BL Speed: -0, BR Speed: -0
[2025-11-24 23:31:55.675] [info] Logger initialized successfully. Logging to application.log
[2025-11-24 23:31:55.675] [info] wiringPi initialized successfully
[2025-11-24 23:31:55.676] [info] PidController state reset.
[2025-11-24 23:31:55.676] [info] PidController initialized.
[2025-11-24 23:31:55.696] [info] PidController state reset.
[2025-11-24 23:31:55.696] [info] PidController initialized.
[2025-11-24 23:31:55.711] [info] Target: vx=-0.092638575, vy=-0.1772515, v_yaw=0
[2025-11-24 23:31:55.711] [info] Current: vx=-0.12037512, vy=-0.15530604, v_yaw=0
[2025-11-24 23:31:55.711] [info] Current FL Speed: -0, FR Speed: 0, BL Speed: -0, BR Speed: -0
[2025-11-24 23:31:55.717] [info] PidController state reset.
[2025-11-24 23:31:55.717] [info] PidController initialized.
[2025-11-24 23:31:55.737] [info] PidController state reset.
[2025-11-24 23:31:55.737] [info] PidController initialized.
[2025-11-24 23:31:55.758] [info] PidController state reset.
[2025-11-24 23:31:55.758] [info] PidController parameters initialized: Kp=73.3, Ki=18.4, Kd=72, MaxIOut=99
[2025-11-24 23:31:55.758] [info] PidController state reset.
[2025-11-24 23:31:55.758] [info] PidController parameters initialized: Kp=70.3, Ki=51.6, Kd=67.7, MaxIOut=99
[2025-11-24 23:31:55.758] [info] PidController state reset.
[2025-11-24 23:31:55.758] [info] PidController parameters initialized: Kp=79.5, Ki=48, Kd=57.6, MaxIOut=99
[2025-11-24 23:31:55.758] [info] PidController state reset.
[2025-11-24 23:31:55.758] [info] PidController parameters initialized: Kp=59.8, Ki=42.4, Kd=61.3, MaxIOut=99
[2025-11-24 23:31:55.760] [info] Target: vx=-0.08907526, vy=-0.1790687, v_yaw=0
[2025-11-24 23:31:55.761] [info] Current: vx=-0.11724513, vy=-0.1576823, v_yaw=0
[2025-11-24 23:31:55.761] [info] Current FL Speed: -0, FR Speed: 0, BL Speed: -0, BR Speed: -0
[2025-11-24 23:31:55.761] [info] Connecting to the MQTT server...
[2025-11-24 23:31:55.772] [info] MQTT client connected. Starting event loop.
[2025-11-24 23:31:55.772] [info] Connection successful.
[2025-11-24 23:31:55.772] [info] Subscribing to topic 'pid/control' for client pid_debugger using QoS 1
[2025-11-24 23:31:55.810] [info] Target: vx=-0.08547632, vy=-0.18081427, v_yaw=0
[2025-11-24 23:31:55.811] [info] Current: vx=-0.11406825, vy=-0.1599955, v_yaw=0
[2025-11-24 23:31:55.811] [info] Current FL Speed: -0, FR Speed: 0, BL Speed: -0, BR Speed: -0
[2025-11-24 23:31:55.860] [info] Target: vx=-0.081843175, vy=-0.18248752, v_yaw=0
[2025-11-24 23:31:55.861] [info] Current: vx=-0.11084574, vy=-0.16224469, v_yaw=0
[2025-11-24 23:31:55.861] [info] Current FL Speed: -0, FR Speed: 0, BL Speed: -0, BR Speed: -0
[2025-11-24 23:31:55.910] [info] Target: vx=-0.0781773, vy=-0.18408778, v_yaw=0
[2025-11-24 23:31:55.911] [info] Current: vx=-0.107578896, vy=-0.16442901, v_yaw=0
[2025-11-24 23:31:55.911] [info] Current FL Speed: -0, FR Speed: 0, BL Speed: -0, BR Speed: -0
[2025-11-24 23:31:55.960] [info] Target: vx=-0.07448017, vy=-0.1856144, v_yaw=0
[2025-11-24 23:31:55.961] [info] Current: vx=-0.10426902, vy=-0.16654755, v_yaw=0
[2025-11-24 23:31:55.961] [info] Current FL Speed: -0, FR Speed: 0, BL Speed: -0, BR Speed: -0
[2025-11-24 23:31:56.010] [info] Target: vx=-0.07075323, vy=-0.18706678, v_yaw=0
[2025-11-24 23:31:56.011] [info] Current: vx=-0.10091744, vy=-0.16859947, v_yaw=0
[2025-11-24 23:31:56.011] [info] Current FL Speed: -0, FR Speed: 0, BL Speed: -0, BR Speed: -0
[2025-11-24 23:31:56.060] [info] Target: vx=-0.066998, vy=-0.18844435, v_yaw=0
[2025-11-24 23:31:56.061] [info] Current: vx=-0.0975255, vy=-0.17058396, v_yaw=0
[2025-11-24 23:31:56.061] [info] Current FL Speed: -0, FR Speed: 0, BL Speed: -0, BR Speed: -0
[2025-11-24 23:31:56.110] [info] Target: vx=-0.06321597, vy=-0.18974653, v_yaw=0
[2025-11-24 23:31:56.111] [info] Current: vx=-0.094094545, vy=-0.17250022, v_yaw=0
[2025-11-24 23:31:56.111] [info] Current FL Speed: -0, FR Speed: 0, BL Speed: -0, BR Speed: -0
[2025-11-24 23:31:56.160] [info] Target: vx=-0.059408654, vy=-0.1909728, v_yaw=0
[2025-11-24 23:31:56.161] [info] Current: vx=-0.09062596, vy=-0.17434748, v_yaw=0
[2025-11-24 23:31:56.161] [info] Current FL Speed: -0, FR Speed: 0, BL Speed: -0, BR Speed: -0
[2025-11-24 23:31:56.210] [info] Target: vx=-0.055577572, vy=-0.19212271, v_yaw=0
[2025-11-24 23:31:56.211] [info] Current: vx=-0.08712112, vy=-0.176125, v_yaw=0
[2025-11-24 23:31:56.211] [info] Current FL Speed: -0, FR Speed: 0, BL Speed: -0, BR Speed: -0
[2025-11-24 23:31:56.260] [info] Target: vx=-0.051724263, vy=-0.19319576, v_yaw=0
[2025-11-24 23:31:56.261] [info] Current: vx=-0.08358143, vy=-0.17783208, v_yaw=0
[2025-11-24 23:31:56.261] [info] Current FL Speed: -0, FR Speed: 0, BL Speed: -0, BR Speed: -0
[2025-11-24 23:31:56.310] [info] Target: vx=-0.047850266, vy=-0.19419155, v_yaw=0
[2025-11-24 23:31:56.311] [info] Current: vx=-0.08000831, vy=-0.17946804, v_yaw=0
[2025-11-24 23:31:56.311] [info] Current FL Speed: -0, FR Speed: 0, BL Speed: -0, BR Speed: -0
[2025-11-24 23:31:56.360] [info] Target: vx=-0.043957125, vy=-0.19510964, v_yaw=0
[2025-11-24 23:31:56.361] [info] Current: vx=-0.07640319, vy=-0.1810322, v_yaw=0
[2025-11-24 23:31:56.361] [info] Current FL Speed: -0, FR Speed: 0, BL Speed: -0, BR Speed: -0
[2025-11-24 23:31:56.410] [info] Target: vx=-0.040046405, vy=-0.1959497, v_yaw=0
[2025-11-24 23:31:56.411] [info] Current: vx=-0.07276751, vy=-0.18252395, v_yaw=0
[2025-11-24 23:31:56.411] [info] Current FL Speed: -0, FR Speed: 0, BL Speed: -0, BR Speed: -0
[2025-11-24 23:31:56.460] [info] Target: vx=-0.03611967, vy=-0.19671139, v_yaw=0
[2025-11-24 23:31:56.461] [info] Current: vx=-0.06910273, vy=-0.18394269, v_yaw=0
[2025-11-24 23:31:56.461] [info] Current FL Speed: -0, FR Speed: 0, BL Speed: -0, BR Speed: -0
[2025-11-24 23:31:56.510] [info] Target: vx=-0.032178484, vy=-0.19739439, v_yaw=0
[2025-11-24 23:31:56.511] [info] Current: vx=-0.0654103, vy=-0.18528786, v_yaw=0
[2025-11-24 23:31:56.511] [info] Current FL Speed: -0, FR Speed: 0, BL Speed: -0, BR Speed: -0
[2025-11-24 23:31:56.560] [info] Target: vx=-0.028224427, vy=-0.19799843, v_yaw=0
[2025-11-24 23:31:56.561] [info] Current: vx=-0.061691713, vy=-0.18655892, v_yaw=0
[2025-11-24 23:31:56.561] [info] Current FL Speed: -0, FR Speed: 0, BL Speed: -0, BR Speed: -0
[2025-11-24 23:31:56.610] [info] Target: vx=-0.024259081, vy=-0.1985233, v_yaw=0
[2025-11-24 23:31:56.611] [info] Current: vx=-0.057948448, vy=-0.18775536, v_yaw=0
[2025-11-24 23:31:56.611] [info] Current FL Speed: -0, FR Speed: 0, BL Speed: -0, BR Speed: -0
[2025-11-24 23:31:56.660] [info] Target: vx=-0.020284032, vy=-0.19896874, v_yaw=0
[2025-11-24 23:31:56.661] [info] Current: vx=-0.054182008, vy=-0.1888767, v_yaw=0
[2025-11-24 23:31:56.661] [info] Current FL Speed: -0, FR Speed: 0, BL Speed: -0, BR Speed: -0
[2025-11-24 23:31:56.710] [info] Target: vx=-0.01630087, vy=-0.1993346, v_yaw=0
[2025-11-24 23:31:56.711] [info] Current: vx=-0.050393894, vy=-0.1899225, v_yaw=0
[2025-11-24 23:31:56.711] [info] Current FL Speed: -0, FR Speed: 0, BL Speed: -0, BR Speed: -0
[2025-11-24 23:31:56.760] [info] Target: vx=-0.012311188, vy=-0.19962072, v_yaw=0
[2025-11-24 23:31:56.761] [info] Current: vx=-0.046585623, vy=-0.19089232, v_yaw=0
[2025-11-24 23:31:56.761] [info] Current FL Speed: -0, FR Speed: 0, BL Speed: -0, BR Speed: -0
[2025-11-24 23:31:56.810] [info] Target: vx=-0.00831658, vy=-0.19982702, v_yaw=0
[2025-11-24 23:31:56.811] [info] Current: vx=-0.042758718, vy=-0.1917858, v_yaw=0
[2025-11-24 23:31:56.811] [info] Current FL Speed: -0, FR Speed: 0, BL Speed: -0, BR Speed: -0
[2025-11-24 23:31:56.860] [info] Target: vx=-0.004318647, vy=-0.19995338, v_yaw=0
[2025-11-24 23:31:56.861] [info] Current: vx=-0.03891471, vy=-0.19260256, v_yaw=0
[2025-11-24 23:31:56.861] [info] Current FL Speed: -0, FR Speed: 0, BL Speed: -0, BR Speed: -0
[2025-11-24 23:31:56.910] [info] Target: vx=-0.00031898645, vy=-0.19999975, v_yaw=0
[2025-11-24 23:31:56.911] [info] Current: vx=-0.03505514, vy=-0.19334228, v_yaw=0
[2025-11-24 23:31:56.911] [info] Current FL Speed: -0, FR Speed: 0, BL Speed: -0, BR Speed: -0
[2025-11-24 23:31:56.960] [info] Target: vx=0.003680802, vy=-0.19996613, v_yaw=0
[2025-11-24 23:31:56.961] [info] Current: vx=-0.031181544, vy=-0.19400467, v_yaw=0
[2025-11-24 23:31:56.961] [info] Current FL Speed: -0, FR Speed: 0, BL Speed: -0, BR Speed: -0
[2025-11-24 23:31:57.010] [info] Target: vx=0.007679118, vy=-0.19985253, v_yaw=0
[2025-11-24 23:31:57.011] [info] Current: vx=-0.027295478, vy=-0.19458945, v_yaw=0
[2025-11-24 23:31:57.011] [info] Current FL Speed: -0, FR Speed: 0, BL Speed: -0, BR Speed: -0
[2025-11-24 23:31:57.060] [info] Target: vx=0.011674362, vy=-0.19965899, v_yaw=0
[2025-11-24 23:31:57.061] [info] Current: vx=-0.023398494, vy=-0.1950964, v_yaw=0
[2025-11-24 23:31:57.061] [info] Current FL Speed: -0, FR Speed: 0, BL Speed: -0, BR Speed: -0
[2025-11-24 23:31:57.110] [info] Target: vx=0.015664937, vy=-0.19938558, v_yaw=0
[2025-11-24 23:31:57.111] [info] Current: vx=-0.019492151, vy=-0.19552532, v_yaw=0
[2025-11-24 23:31:57.111] [info] Current FL Speed: -0, FR Speed: 0, BL Speed: -0, BR Speed: -0
[2025-11-24 23:31:57.160] [info] Target: vx=0.019649247, vy=-0.19903243, v_yaw=0
[2025-11-24 23:31:57.161] [info] Current: vx=-0.015578011, vy=-0.19587603, v_yaw=0
[2025-11-24 23:31:57.161] [info] Current FL Speed: -0, FR Speed: 0, BL Speed: -0, BR Speed: -0
[2025-11-24 23:31:57.210] [info] Target: vx=0.023625696, vy=-0.19859967, v_yaw=0
[2025-11-24 23:31:57.211] [info] Current: vx=-0.01165764, vy=-0.1961484, v_yaw=0
[2025-11-24 23:31:57.211] [info] Current FL Speed: -0, FR Speed: 0, BL Speed: -0, BR Speed: -0
[2025-11-24 23:31:57.260] [info] Target: vx=0.027592696, vy=-0.19808747, v_yaw=0
[2025-11-24 23:31:57.261] [info] Current: vx=-0.0077326065, vy=-0.1963423, v_yaw=0
[2025-11-24 23:31:57.261] [info] Current FL Speed: -0, FR Speed: 0, BL Speed: -0, BR Speed: -0
[2025-11-24 23:31:57.310] [info] Target: vx=0.03154866, vy=-0.19749603, v_yaw=0
[2025-11-24 23:31:57.311] [info] Current: vx=-0.0038044797, vy=-0.19645768, v_yaw=0
[2025-11-24 23:31:57.311] [info] Current FL Speed: -0, FR Speed: 0, BL Speed: -0, BR Speed: -0
[2025-11-24 23:31:57.360] [info] Target: vx=0.035492003, vy=-0.19682561, v_yaw=0
[2025-11-24 23:31:57.361] [info] Current: vx=0.00012516836, vy=-0.19649448, v_yaw=0
[2025-11-24 23:31:57.361] [info] Current FL Speed: -0, FR Speed: 0, BL Speed: -0, BR Speed: -0
[2025-11-24 23:31:57.410] [info] Target: vx=0.039421152, vy=-0.19607645, v_yaw=0
[2025-11-24 23:31:57.411] [info] Current: vx=0.0040547666, vy=-0.19645268, v_yaw=0
[2025-11-24 23:31:57.411] [info] Current FL Speed: -0, FR Speed: 0, BL Speed: -0, BR Speed: -0
[2025-11-24 23:31:57.460] [info] Target: vx=0.043334533, vy=-0.19524887, v_yaw=0
[2025-11-24 23:31:57.461] [info] Current: vx=0.007982744, vy=-0.19633229, v_yaw=0
[2025-11-24 23:31:57.461] [info] Current FL Speed: -0, FR Speed: 0, BL Speed: -0, BR Speed: -0
[2025-11-24 23:31:57.510] [info] Target: vx=0.04723058, vy=-0.19434318, v_yaw=0
[2025-11-24 23:31:57.511] [info] Current: vx=0.011907527, vy=-0.19613338, v_yaw=0
[2025-11-24 23:31:57.511] [info] Current FL Speed: -0, FR Speed: 0, BL Speed: -0, BR Speed: -0
[2025-11-24 23:31:57.560] [info] Target: vx=0.05110773, vy=-0.19335978, v_yaw=0
[2025-11-24 23:31:57.561] [info] Current: vx=0.015827548, vy=-0.19585602, v_yaw=0
[2025-11-24 23:31:57.561] [info] Current FL Speed: -0, FR Speed: 0, BL Speed: -0, BR Speed: -0
[2025-11-24 23:31:57.610] [info] Target: vx=0.054964446, vy=-0.19229901, v_yaw=0
[2025-11-24 23:31:57.611] [info] Current: vx=0.019741237, vy=-0.19550031, v_yaw=0
[2025-11-24 23:31:57.611] [info] Current FL Speed: -0, FR Speed: 0, BL Speed: -0, BR Speed: -0
[2025-11-24 23:31:57.660] [info] Target: vx=0.058799174, vy=-0.19116133, v_yaw=0
[2025-11-24 23:31:57.661] [info] Current: vx=0.02364703, vy=-0.19506642, v_yaw=0
[2025-11-24 23:31:57.661] [info] Current FL Speed: -0, FR Speed: 0, BL Speed: -0, BR Speed: -0
[2025-11-24 23:31:57.710] [info] Target: vx=0.06261038, vy=-0.1899472, v_yaw=0
[2025-11-24 23:31:57.711] [info] Current: vx=0.027543366, vy=-0.19455451, v_yaw=0
[2025-11-24 23:31:57.711] [info] Current FL Speed: -0, FR Speed: 0, BL Speed: -0, BR Speed: -0
[2025-11-24 23:31:57.760] [info] Target: vx=0.06639655, vy=-0.18865709, v_yaw=0
[2025-11-24 23:31:57.761] [info] Current: vx=0.031428684, vy=-0.19396476, v_yaw=0
[2025-11-24 23:31:57.761] [info] Current FL Speed: -0, FR Speed: 0, BL Speed: -0, BR Speed: -0
[2025-11-24 23:31:57.810] [info] Target: vx=0.07015616, vy=-0.18729152, v_yaw=0
[2025-11-24 23:31:57.811] [info] Current: vx=0.035301432, vy=-0.19329745, v_yaw=0
[2025-11-24 23:31:57.811] [info] Current FL Speed: -0, FR Speed: 0, BL Speed: -0, BR Speed: -0
[2025-11-24 23:31:57.860] [info] Target: vx=0.0738877, vy=-0.18585104, v_yaw=0
[2025-11-24 23:31:57.861] [info] Current: vx=0.039160058, vy=-0.1925528, v_yaw=0
[2025-11-24 23:31:57.861] [info] Current FL Speed: -0, FR Speed: 0, BL Speed: -0, BR Speed: -0
[2025-11-24 23:31:57.910] [info] Target: vx=0.07758969, vy=-0.18433622, v_yaw=0
[2025-11-24 23:31:57.911] [info] Current: vx=0.043003023, vy=-0.19173114, v_yaw=0
[2025-11-24 23:31:57.911] [info] Current FL Speed: -0, FR Speed: 0, BL Speed: -0, BR Speed: -0
[2025-11-24 23:31:57.960] [info] Target: vx=0.08126065, vy=-0.18274766, v_yaw=0
[2025-11-24 23:31:57.961] [info] Current: vx=0.046828784, vy=-0.1908328, v_yaw=0
[2025-11-24 23:31:57.961] [info] Current FL Speed: -0, FR Speed: 0, BL Speed: -0, BR Speed: -0
[2025-11-24 23:31:58.010] [info] Target: vx=0.084899105, vy=-0.181086, v_yaw=0
[2025-11-24 23:31:58.011] [info] Current: vx=0.050635815, vy=-0.18985811, v_yaw=0
[2025-11-24 23:31:58.011] [info] Current FL Speed: -0, FR Speed: 0, BL Speed: -0, BR Speed: -0
[2025-11-24 23:31:58.060] [info] Target: vx=0.0885036, vy=-0.17935193, v_yaw=0
[2025-11-24 23:31:58.061] [info] Current: vx=0.054422595, vy=-0.18880749, v_yaw=0
[2025-11-24 23:31:58.061] [info] Current FL Speed: -0, FR Speed: 0, BL Speed: -0, BR Speed: -0
[2025-11-24 23:31:58.110] [info] Target: vx=0.092072695, vy=-0.1775461, v_yaw=0
[2025-11-24 23:31:58.111] [info] Current: vx=0.058187604, vy=-0.18768135, v_yaw=0
[2025-11-24 23:31:58.111] [info] Current FL Speed: -0, FR Speed: 0, BL Speed: -0, BR Speed: -0
[2025-11-24 23:31:58.160] [info] Target: vx=0.09560496, vy=-0.17566927, v_yaw=0
[2025-11-24 23:31:58.161] [info] Current: vx=0.06192934, vy=-0.18648013, v_yaw=0
[2025-11-24 23:31:58.161] [info] Current FL Speed: -0, FR Speed: 0, BL Speed: -0, BR Speed: -0
[2025-11-24 23:31:58.210] [info] Target: vx=0.099098995, vy=-0.17372216, v_yaw=0
[2025-11-24 23:31:58.211] [info] Current: vx=0.065646306, vy=-0.18520434, v_yaw=0
[2025-11-24 23:31:58.211] [info] Current FL Speed: -0, FR Speed: 0, BL Speed: -0, BR Speed: -0
[2025-11-24 23:31:58.260] [info] Target: vx=0.10255338, vy=-0.17170557, v_yaw=0
[2025-11-24 23:31:58.261] [info] Current: vx=0.06933701, vy=-0.18385446, v_yaw=0
[2025-11-24 23:31:58.261] [info] Current FL Speed: -0, FR Speed: 0, BL Speed: -0, BR Speed: -0
[2025-11-24 23:31:58.310] [info] Target: vx=0.105966754, vy=-0.1696203, v_yaw=0
[2025-11-24 23:31:58.311] [info] Current: vx=0.072999984, vy=-0.18243104, v_yaw=0
[2025-11-24 23:31:58.311] [info] Current FL Speed: -0, FR Speed: 0, BL Speed: -0, BR Speed: -0
[2025-11-24 23:31:58.360] [info] Target: vx=0.10933774, vy=-0.16746719, v_yaw=0
[2025-11-24 23:31:58.361] [info] Current: vx=0.07663376, vy=-0.18093465, v_yaw=0
[2025-11-24 23:31:58.361] [info] Current FL Speed: -0, FR Speed: 0, BL Speed: -0, BR Speed: -0
[2025-11-24 23:31:58.410] [info] Target: vx=0.11266499, vy=-0.1652471, v_yaw=0
[2025-11-24 23:31:58.411] [info] Current: vx=0.08023688, vy=-0.1793659, v_yaw=0
[2025-11-24 23:31:58.411] [info] Current FL Speed: -0, FR Speed: 0, BL Speed: -0, BR Speed: -0
[2025-11-24 23:31:58.460] [info] Target: vx=0.11594717, vy=-0.1629609, v_yaw=0
[2025-11-24 23:31:58.461] [info] Current: vx=0.08380791, vy=-0.1777254, v_yaw=0
[2025-11-24 23:31:58.461] [info] Current FL Speed: -0, FR Speed: 0, BL Speed: -0, BR Speed: -0
[2025-11-24 23:31:58.511] [info] Target: vx=0.11918298, vy=-0.16060951, v_yaw=0
[2025-11-24 23:31:58.511] [info] Current: vx=0.087345414, vy=-0.17601381, v_yaw=0
[2025-11-24 23:31:58.511] [info] Current FL Speed: -0, FR Speed: 0, BL Speed: -0, BR Speed: -0
[2025-11-24 23:31:58.560] [info] Target: vx=0.12237112, vy=-0.1581939, v_yaw=0
[2025-11-24 23:31:58.561] [info] Current: vx=0.090847984, vy=-0.17423183, v_yaw=0
[2025-11-24 23:31:58.561] [info] Current FL Speed: -0, FR Speed: 0, BL Speed: -0, BR Speed: -0
[2025-11-24 23:31:58.610] [info] Target: vx=0.1255103, vy=-0.155715, v_yaw=0
[2025-11-24 23:31:58.611] [info] Current: vx=0.09431422, vy=-0.17238015, v_yaw=0
[2025-11-24 23:31:58.611] [info] Current FL Speed: -0, FR Speed: 0, BL Speed: -0, BR Speed: -0
[2025-11-24 23:31:58.660] [info] Target: vx=0.1285993, vy=-0.15317383, v_yaw=0
[2025-11-24 23:31:58.661] [info] Current: vx=0.09774273, vy=-0.17045952, v_yaw=0
[2025-11-24 23:31:58.661] [info] Current FL Speed: -0, FR Speed: 0, BL Speed: -0, BR Speed: -0
[2025-11-24 23:31:58.710] [info] Target: vx=0.13163684, vy=-0.15057138, v_yaw=0
[2025-11-24 23:31:58.711] [info] Current: vx=0.10113214, vy=-0.16847071, v_yaw=0
[2025-11-24 23:31:58.711] [info] Current FL Speed: -0, FR Speed: 0, BL Speed: -0, BR Speed: -0
[2025-11-24 23:31:58.760] [info] Target: vx=0.13462175, vy=-0.1479087, v_yaw=0
[2025-11-24 23:31:58.761] [info] Current: vx=0.1044811, vy=-0.16641451, v_yaw=0
[2025-11-24 23:31:58.761] [info] Current FL Speed: -0, FR Speed: 0, BL Speed: -0, BR Speed: -0
[2025-11-24 23:31:58.810] [info] Target: vx=0.1375528, vy=-0.14518687, v_yaw=0
[2025-11-24 23:31:58.811] [info] Current: vx=0.10778827, vy=-0.16429175, v_yaw=0
[2025-11-24 23:31:58.811] [info] Current FL Speed: -0, FR Speed: 0, BL Speed: -0, BR Speed: -0
[2025-11-24 23:31:58.860] [info] Target: vx=0.14042883, vy=-0.14240697, v_yaw=0
[2025-11-24 23:31:58.861] [info] Current: vx=0.11105233, vy=-0.16210328, v_yaw=0
[2025-11-24 23:31:58.861] [info] Current FL Speed: -0, FR Speed: 0, BL Speed: -0, BR Speed: -0
[2025-11-24 23:31:58.910] [info] Target: vx=0.14324869, vy=-0.1395701, v_yaw=0
[2025-11-24 23:31:58.911] [info] Current: vx=0.11427196, vy=-0.15984996, v_yaw=0
[2025-11-24 23:31:58.911] [info] Current FL Speed: -0, FR Speed: 0, BL Speed: -0, BR Speed: -0
[2025-11-24 23:31:58.960] [info] Target: vx=0.14601126, vy=-0.13667741, v_yaw=0
[2025-11-24 23:31:58.961] [info] Current: vx=0.11744589, vy=-0.1575327, v_yaw=0
[2025-11-24 23:31:58.961] [info] Current FL Speed: -0, FR Speed: 0, BL Speed: -0, BR Speed: -0
[2025-11-24 23:31:59.010] [info] Target: vx=0.14871542, vy=-0.13373005, v_yaw=0
[2025-11-24 23:31:59.011] [info] Current: vx=0.12057285, vy=-0.15515244, v_yaw=0
[2025-11-24 23:31:59.011] [info] Current FL Speed: -0, FR Speed: 0, BL Speed: -0, BR Speed: -0
[2025-11-24 23:31:59.060] [info] Target: vx=0.1513601, vy=-0.1307292, v_yaw=0
[2025-11-24 23:31:59.061] [info] Current: vx=0.12365157, vy=-0.15271011, v_yaw=0
[2025-11-24 23:31:59.061] [info] Current FL Speed: -0, FR Speed: 0, BL Speed: -0, BR Speed: -0
[2025-11-24 23:31:59.110] [info] Target: vx=0.15394427, vy=-0.12767601, v_yaw=0
[2025-11-24 23:31:59.111] [info] Current: vx=0.12668084, vy=-0.1502067, v_yaw=0
[2025-11-24 23:31:59.111] [info] Current FL Speed: -0, FR Speed: 0, BL Speed: -0, BR Speed: -0
[2025-11-24 23:31:59.160] [info] Target: vx=0.15646683, vy=-0.12457181, v_yaw=0
[2025-11-24 23:31:59.161] [info] Current: vx=0.12965943, vy=-0.14764321, v_yaw=0
[2025-11-24 23:31:59.161] [info] Current FL Speed: -0, FR Speed: 0, BL Speed: -0, BR Speed: -0
[2025-11-24 23:31:59.210] [info] Target: vx=0.1589268, vy=-0.12141777, v_yaw=0
[2025-11-24 23:31:59.211] [info] Current: vx=0.13258617, vy=-0.14502066, v_yaw=0
[2025-11-24 23:31:59.211] [info] Current FL Speed: -0, FR Speed: 0, BL Speed: -0, BR Speed: -0
[2025-11-24 23:31:59.260] [info] Target: vx=0.1613232, vy=-0.118215166, v_yaw=0
[2025-11-24 23:31:59.261] [info] Current: vx=0.13545987, vy=-0.14234011, v_yaw=0
[2025-11-24 23:31:59.261] [info] Current FL Speed: -0, FR Speed: 0, BL Speed: -0, BR Speed: -0
[2025-11-24 23:31:59.310] [info] Target: vx=0.16365509, vy=-0.114965275, v_yaw=0
[2025-11-24 23:31:59.311] [info] Current: vx=0.1382794, vy=-0.13960263, v_yaw=0
[2025-11-24 23:31:59.311] [info] Current FL Speed: -0, FR Speed: 0, BL Speed: -0, BR Speed: -0
[2025-11-24 23:31:59.360] [info] Target: vx=0.16592151, vy=-0.1116694, v_yaw=0
[2025-11-24 23:31:59.361] [info] Current: vx=0.1410436, vy=-0.1368093, v_yaw=0
[2025-11-24 23:31:59.361] [info] Current FL Speed: -0, FR Speed: 0, BL Speed: -0, BR Speed: -0
[2025-11-24 23:31:59.410] [info] Target: vx=0.16812156, vy=-0.108328864, v_yaw=0
[2025-11-24 23:31:59.411] [info] Current: vx=0.1437514, vy=-0.13396126, v_yaw=0
[2025-11-24 23:31:59.411] [info] Current FL Speed: -0, FR Speed: 0, BL Speed: -0, BR Speed: -0
[2025-11-24 23:31:59.460] [info] Target: vx=0.17025436, vy=-0.104945, v_yaw=0
[2025-11-24 23:31:59.461] [info] Current: vx=0.14640169, vy=-0.13105963, v_yaw=0
[2025-11-24 23:31:59.461] [info] Current FL Speed: -0, FR Speed: 0, BL Speed: -0, BR Speed: -0
[2025-11-24 23:31:59.510] [info] Target: vx=0.17231907, vy=-0.10151915, v_yaw=0
[2025-11-24 23:31:59.511] [info] Current: vx=0.14899343, vy=-0.12810558, v_yaw=0
[2025-11-24 23:31:59.511] [info] Current FL Speed: -0, FR Speed: 0, BL Speed: -0, BR Speed: -0
[2025-11-24 23:31:59.560] [info] Target: vx=0.17431486, vy=-0.098052695, v_yaw=0
[2025-11-24 23:31:59.561] [info] Current: vx=0.15152557, vy=-0.12510028, v_yaw=0
[2025-11-24 23:31:59.561] [info] Current FL Speed: -0, FR Speed: 0, BL Speed: -0, BR Speed: -0
[2025-11-24 23:31:59.610] [info] Target: vx=0.17624092, vy=-0.094547026, v_yaw=0
[2025-11-24 23:31:59.611] [info] Current: vx=0.15399711, vy=-0.12204496, v_yaw=0
[2025-11-24 23:31:59.611] [info] Current FL Speed: -0, FR Speed: 0, BL Speed: -0, BR Speed: -0
[2025-11-24 23:31:59.660] [info] Target: vx=0.17809649, vy=-0.09100354, v_yaw=0
[2025-11-24 23:31:59.661] [info] Current: vx=0.15640704, vy=-0.118940815, v_yaw=0
[2025-11-24 23:31:59.661] [info] Current FL Speed: -0, FR Speed: 0, BL Speed: -0, BR Speed: -0
[2025-11-24 23:31:59.711] [info] Target: vx=0.17988081, vy=-0.08742365, v_yaw=0
[2025-11-24 23:31:59.711] [info] Current: vx=0.15875442, vy=-0.1157891, v_yaw=0
[2025-11-24 23:31:59.711] [info] Current FL Speed: -0, FR Speed: 0, BL Speed: -0, BR Speed: -0
[2025-11-24 23:31:59.760] [info] Target: vx=0.1815932, vy=-0.083808795, v_yaw=0
[2025-11-24 23:31:59.761] [info] Current: vx=0.1610383, vy=-0.11259107, v_yaw=0
[2025-11-24 23:31:59.761] [info] Current FL Speed: -0, FR Speed: 0, BL Speed: -0, BR Speed: -0
[2025-11-24 23:31:59.810] [info] Target: vx=0.18323293, vy=-0.08016041, v_yaw=0
[2025-11-24 23:31:59.811] [info] Current: vx=0.16325776, vy=-0.10934801, v_yaw=0
[2025-11-24 23:31:59.811] [info] Current FL Speed: -0, FR Speed: 0, BL Speed: -0, BR Speed: -0
[2025-11-24 23:31:59.860] [info] Target: vx=0.18479939, vy=-0.07647997, v_yaw=0
[2025-11-24 23:31:59.861] [info] Current: vx=0.16541192, vy=-0.106061205, v_yaw=0
[2025-11-24 23:31:59.861] [info] Current FL Speed: -0, FR Speed: 0, BL Speed: -0, BR Speed: -0
[2025-11-24 23:31:59.910] [info] Target: vx=0.18629193, vy=-0.072768934, v_yaw=0
[2025-11-24 23:31:59.911] [info] Current: vx=0.16749991, vy=-0.10273198, v_yaw=0
[2025-11-24 23:31:59.911] [info] Current FL Speed: -0, FR Speed: 0, BL Speed: -0, BR Speed: -0
[2025-11-24 23:31:59.960] [info] Target: vx=0.18770996, vy=-0.069028795, v_yaw=0
[2025-11-24 23:31:59.961] [info] Current: vx=0.16952091, vy=-0.09936166, v_yaw=0
[2025-11-24 23:31:59.961] [info] Current FL Speed: -0, FR Speed: 0, BL Speed: -0, BR Speed: -0
[2025-11-24 23:32:00.010] [info] Target: vx=0.1890529, vy=-0.06526104, v_yaw=0
[2025-11-24 23:32:00.011] [info] Current: vx=0.17147411, vy=-0.095951594, v_yaw=0
[2025-11-24 23:32:00.011] [info] Current FL Speed: -0, FR Speed: 0, BL Speed: -0, BR Speed: -0
[2025-11-24 23:32:00.060] [info] Target: vx=0.19032022, vy=-0.061467193, v_yaw=0
[2025-11-24 23:32:00.061] [info] Current: vx=0.17335872, vy=-0.09250315, v_yaw=0
[2025-11-24 23:32:00.061] [info] Current FL Speed: -0, FR Speed: 0, BL Speed: -0, BR Speed: -0
[2025-11-24 23:32:00.110] [info] Target: vx=0.19151142, vy=-0.057648752, v_yaw=0
[2025-11-24 23:32:00.111] [info] Current: vx=0.175174, vy=-0.08901771, v_yaw=0
[2025-11-24 23:32:00.111] [info] Current FL Speed: -0, FR Speed: 0, BL Speed: -0, BR Speed: -0
[2025-11-24 23:32:00.160] [info] Target: vx=0.19262601, vy=-0.053807255, v_yaw=0
[2025-11-24 23:32:00.161] [info] Current: vx=0.17691919, vy=-0.085496664, v_yaw=0
[2025-11-24 23:32:00.161] [info] Current FL Speed: -0, FR Speed: 0, BL Speed: -0, BR Speed: -0
[2025-11-24 23:32:00.210] [info] Target: vx=0.19366357, vy=-0.049944233, v_yaw=0
[2025-11-24 23:32:00.211] [info] Current: vx=0.17859364, vy=-0.08194142, v_yaw=0
[2025-11-24 23:32:00.211] [info] Current FL Speed: -0, FR Speed: 0, BL Speed: -0, BR Speed: -0
[2025-11-24 23:32:00.260] [info] Target: vx=0.19462365, vy=-0.046061236, v_yaw=0
[2025-11-24 23:32:00.261] [info] Current: vx=0.18019664, vy=-0.0783534, v_yaw=0
[2025-11-24 23:32:00.261] [info] Current FL Speed: -0, FR Speed: 0, BL Speed: -0, BR Speed: -0
[2025-11-24 23:32:00.310] [info] Target: vx=0.19550589, vy=-0.042159814, v_yaw=0
[2025-11-24 23:32:00.311] [info] Current: vx=0.18172757, vy=-0.07473404, v_yaw=0
[2025-11-24 23:32:00.311] [info] Current FL Speed: -0, FR Speed: 0, BL Speed: -0, BR Speed: -0
[2025-11-24 23:32:00.360] [info] Target: vx=0.19630992, vy=-0.038241528, v_yaw=0
[2025-11-24 23:32:00.361] [info] Current: vx=0.18318582, vy=-0.07108479, v_yaw=0
[2025-11-24 23:32:00.361] [info] Current FL Speed: -0, FR Speed: 0, BL Speed: -0, BR Speed: -0
[2025-11-24 23:32:00.410] [info] Target: vx=0.19703545, vy=-0.034307946, v_yaw=0
[2025-11-24 23:32:00.411] [info] Current: vx=0.18457077, vy=-0.06740711, v_yaw=0
[2025-11-24 23:32:00.411] [info] Current FL Speed: -0, FR Speed: 0, BL Speed: -0, BR Speed: -0
[2025-11-24 23:32:00.460] [info] Target: vx=0.19768216, vy=-0.030360643, v_yaw=0
[2025-11-24 23:32:00.461] [info] Current: vx=0.18588191, vy=-0.063702464, v_yaw=0
[2025-11-24 23:32:00.461] [info] Current FL Speed: -0, FR Speed: 0, BL Speed: -0, BR Speed: -0
[2025-11-24 23:32:00.510] [info] Target: vx=0.19824979, vy=-0.026401196, v_yaw=0
[2025-11-24 23:32:00.511] [info] Current: vx=0.1871187, vy=-0.05997234, v_yaw=0
[2025-11-24 23:32:00.511] [info] Current FL Speed: -0, FR Speed: 0, BL Speed: -0, BR Speed: -0
[2025-11-24 23:32:00.560] [info] Target: vx=0.19873813, vy=-0.022431187, v_yaw=0
[2025-11-24 23:32:00.561] [info] Current: vx=0.18828064, vy=-0.05621822, v_yaw=0
[2025-11-24 23:32:00.561] [info] Current FL Speed: -0, FR Speed: 0, BL Speed: -0, BR Speed: -0
[2025-11-24 23:32:00.610] [info] Target: vx=0.19914697, vy=-0.018452208, v_yaw=0
[2025-11-24 23:32:00.611] [info] Current: vx=0.18936728, vy=-0.05244162, v_yaw=0
[2025-11-24 23:32:00.611] [info] Current FL Speed: -0, FR Speed: 0, BL Speed: -0, BR Speed: -0
[2025-11-24 23:32:00.660] [info] Target: vx=0.19947617, vy=-0.014465848, v_yaw=0
[2025-11-24 23:32:00.661] [info] Current: vx=0.19037817, vy=-0.048644044, v_yaw=0
[2025-11-24 23:32:00.661] [info] Current FL Speed: -0, FR Speed: 0, BL Speed: -0, BR Speed: -0
[2025-11-24 23:32:00.710] [info] Target: vx=0.19972557, vy=-0.010473701, v_yaw=0
[2025-11-24 23:32:00.711] [info] Current: vx=0.19131291, vy=-0.04482701, v_yaw=0
[2025-11-24 23:32:00.711] [info] Current FL Speed: -0, FR Speed: 0, BL Speed: -0, BR Speed: -0
[2025-11-24 23:32:00.760] [info] Target: vx=0.19989508, vy=-0.0064773653, v_yaw=0
[2025-11-24 23:32:00.761] [info] Current: vx=0.19217113, vy=-0.040992048, v_yaw=0
[2025-11-24 23:32:00.761] [info] Current FL Speed: -0, FR Speed: 0, BL Speed: -0, BR Speed: -0
[2025-11-24 23:32:00.810] [info] Target: vx=0.19998464, vy=-0.0024784384, v_yaw=0
[2025-11-24 23:32:00.811] [info] Current: vx=0.19295248, vy=-0.037140686, v_yaw=0
[2025-11-24 23:32:00.811] [info] Current FL Speed: -0, FR Speed: 0, BL Speed: -0, BR Speed: -0
[2025-11-24 23:32:00.860] [info] Target: vx=0.19999422, vy=0.0015214797, v_yaw=0
[2025-11-24 23:32:00.861] [info] Current: vx=0.19365665, vy=-0.033274468, v_yaw=0
[2025-11-24 23:32:00.861] [info] Current FL Speed: -0, FR Speed: 0, BL Speed: -0, BR Speed: -0
[2025-11-24 23:32:00.910] [info] Target: vx=0.19992378, vy=0.0055207894, v_yaw=0
[2025-11-24 23:32:00.911] [info] Current: vx=0.19428337, vy=-0.029394941, v_yaw=0
[2025-11-24 23:32:00.911] [info] Current FL Speed: -0, FR Speed: 0, BL Speed: -0, BR Speed: -0
[2025-11-24 23:32:00.960] [info] Target: vx=0.1997734, vy=0.00951789, v_yaw=0
[2025-11-24 23:32:00.961] [info] Current: vx=0.19483237, vy=-0.025503658, v_yaw=0
[2025-11-24 23:32:00.961] [info] Current FL Speed: -0, FR Speed: 0, BL Speed: -0, BR Speed: -0
[2025-11-24 23:32:01.010] [info] Target: vx=0.1995431, vy=0.013511185, v_yaw=0
[2025-11-24 23:32:01.011] [info] Current: vx=0.19530344, vy=-0.021602174, v_yaw=0
[2025-11-24 23:32:01.011] [info] Current FL Speed: -0, FR Speed: 0, BL Speed: -0, BR Speed: -0
[2025-11-24 23:32:01.061] [info] Target: vx=0.199233, vy=0.017499074, v_yaw=0
[2025-11-24 23:32:01.061] [info] Current: vx=0.1956964, vy=-0.017692048, v_yaw=0
[2025-11-24 23:32:01.061] [info] Current FL Speed: -0, FR Speed: 0, BL Speed: -0, BR Speed: -0
[2025-11-24 23:32:01.110] [info] Target: vx=0.19884318, vy=0.021479966, v_yaw=0
[2025-11-24 23:32:01.111] [info] Current: vx=0.19601108, vy=-0.013774846, v_yaw=0
[2025-11-24 23:32:01.112] [info] Current FL Speed: -0, FR Speed: 0, BL Speed: -0, BR Speed: -0
[2025-11-24 23:32:01.160] [info] Target: vx=0.19837385, vy=0.025452264, v_yaw=0
[2025-11-24 23:32:01.161] [info] Current: vx=0.19624735, vy=-0.009852135, v_yaw=0
[2025-11-24 23:32:01.161] [info] Current FL Speed: -0, FR Speed: 0, BL Speed: -0, BR Speed: -0
[2025-11-24 23:32:01.210] [info] Target: vx=0.19782516, vy=0.029414384, v_yaw=0
[2025-11-24 23:32:01.211] [info] Current: vx=0.19640514, vy=-0.0059254826, v_yaw=0
[2025-11-24 23:32:01.211] [info] Current FL Speed: -0, FR Speed: 0, BL Speed: -0, BR Speed: -0
[2025-11-24 23:32:01.260] [info] Target: vx=0.19719735, vy=0.033364736, v_yaw=0
[2025-11-24 23:32:01.261] [info] Current: vx=0.19648436, vy=-0.0019964604, v_yaw=0
[2025-11-24 23:32:01.261] [info] Current FL Speed: -0, FR Speed: 0, BL Speed: -0, BR Speed: -0
[2025-11-24 23:32:01.310] [info] Target: vx=0.19649066, vy=0.037301745, v_yaw=0
[2025-11-24 23:32:01.311] [info] Current: vx=0.19648498, vy=0.0019333605, v_yaw=0
[2025-11-24 23:32:01.311] [info] Current FL Speed: -0, FR Speed: 0, BL Speed: -0, BR Speed: -0
[2025-11-24 23:32:01.360] [info] Target: vx=0.19570538, vy=0.04122383, v_yaw=0
[2025-11-24 23:32:01.361] [info] Current: vx=0.19640702, vy=0.005862408, v_yaw=0
[2025-11-24 23:32:01.361] [info] Current FL Speed: -0, FR Speed: 0, BL Speed: -0, BR Speed: -0
[2025-11-24 23:32:01.410] [info] Target: vx=0.19484182, vy=0.04512943, v_yaw=0
[2025-11-24 23:32:01.411] [info] Current: vx=0.1962505, vy=0.00978911, v_yaw=0
[2025-11-24 23:32:01.411] [info] Current FL Speed: -0, FR Speed: 0, BL Speed: -0, BR Speed: -0
[2025-11-24 23:32:01.460] [info] Target: vx=0.19390033, vy=0.04901698, v_yaw=0
[2025-11-24 23:32:01.461] [info] Current: vx=0.19601548, vy=0.013711898, v_yaw=0
[2025-11-24 23:32:01.461] [info] Current FL Speed: -0, FR Speed: 0, BL Speed: -0, BR Speed: -0
[2025-11-24 23:32:01.510] [info] Target: vx=0.19288127, vy=0.052884918, v_yaw=0
[2025-11-24 23:32:01.511] [info] Current: vx=0.19570206, vy=0.0176292, v_yaw=0
[2025-11-24 23:32:01.511] [info] Current FL Speed: -0, FR Speed: 0, BL Speed: -0, BR Speed: -0
[2025-11-24 23:32:01.560] [info] Target: vx=0.19178507, vy=0.056731705, v_yaw=0
[2025-11-24 23:32:01.561] [info] Current: vx=0.19531035, vy=0.021539452, v_yaw=0
[2025-11-24 23:32:01.561] [info] Current FL Speed: -0, FR Speed: 0, BL Speed: -0, BR Speed: -0
[2025-11-24 23:32:01.610] [info] Target: vx=0.19061217, vy=0.0605558, v_yaw=0
[2025-11-24 23:32:01.611] [info] Current: vx=0.19484054, vy=0.025441086, v_yaw=0
[2025-11-24 23:32:01.611] [info] Current FL Speed: -0, FR Speed: 0, BL Speed: -0, BR Speed: -0
[2025-11-24 23:32:01.660] [info] Target: vx=0.189363, vy=0.06435568, v_yaw=0
[2025-11-24 23:32:01.661] [info] Current: vx=0.19429278, vy=0.029332545, v_yaw=0
[2025-11-24 23:32:01.661] [info] Current FL Speed: -0, FR Speed: 0, BL Speed: -0, BR Speed: -0
[2025-11-24 23:32:01.710] [info] Target: vx=0.18803811, vy=0.06812981, v_yaw=0
[2025-11-24 23:32:01.711] [info] Current: vx=0.19366732, vy=0.03321227, v_yaw=0
[2025-11-24 23:32:01.711] [info] Current FL Speed: -0, FR Speed: 0, BL Speed: -0, BR Speed: -0
[2025-11-24 23:32:01.760] [info] Target: vx=0.186638, vy=0.07187669, v_yaw=0
[2025-11-24 23:32:01.761] [info] Current: vx=0.19296439, vy=0.037078712, v_yaw=0
[2025-11-24 23:32:01.761] [info] Current FL Speed: -0, FR Speed: 0, BL Speed: -0, BR Speed: -0
[2025-11-24 23:32:01.810] [info] Target: vx=0.18516323, vy=0.07559483, v_yaw=0
[2025-11-24 23:32:01.811] [info] Current: vx=0.19218427, vy=0.040930323, v_yaw=0
[2025-11-24 23:32:01.811] [info] Current FL Speed: -0, FR Speed: 0, BL Speed: -0, BR Speed: -0
[2025-11-24 23:32:01.860] [info] Target: vx=0.1836144, vy=0.07928272, v_yaw=0
[2025-11-24 23:32:01.861] [info] Current: vx=0.19132729, vy=0.04476556, v_yaw=0
[2025-11-24 23:32:01.861] [info] Current FL Speed: -0, FR Speed: 0, BL Speed: -0, BR Speed: -0
[2025-11-24 23:32:01.910] [info] Target: vx=0.18199214, vy=0.0829389, v_yaw=0
[2025-11-24 23:32:01.911] [info] Current: vx=0.19039378, vy=0.048582897, v_yaw=0
[2025-11-24 23:32:01.911] [info] Current FL Speed: -0, FR Speed: 0, BL Speed: -0, BR Speed: -0
[2025-11-24 23:32:01.960] [info] Target: vx=0.18029708, vy=0.08656192, v_yaw=0
[2025-11-24 23:32:01.961] [info] Current: vx=0.1893841, vy=0.0523808, v_yaw=0
[2025-11-24 23:32:01.961] [info] Current FL Speed: -0, FR Speed: 0, BL Speed: -0, BR Speed: -0
[2025-11-24 23:32:02.010] [info] Target: vx=0.1785299, vy=0.090150304, v_yaw=0
[2025-11-24 23:32:02.011] [info] Current: vx=0.18829869, vy=0.05615775, v_yaw=0
[2025-11-24 23:32:02.011] [info] Current FL Speed: -0, FR Speed: 0, BL Speed: -0, BR Speed: -0
[2025-11-24 23:32:02.060] [info] Target: vx=0.17669131, vy=0.09370263, v_yaw=0
[2025-11-24 23:32:02.061] [info] Current: vx=0.18713795, vy=0.05991224, v_yaw=0
[2025-11-24 23:32:02.061] [info] Current FL Speed: -0, FR Speed: 0, BL Speed: -0, BR Speed: -0
[2025-11-24 23:32:02.110] [info] Target: vx=0.17478205, vy=0.09721748, v_yaw=0
[2025-11-24 23:32:02.111] [info] Current: vx=0.18590236, vy=0.06364276, v_yaw=0
[2025-11-24 23:32:02.111] [info] Current FL Speed: -0, FR Speed: 0, BL Speed: -0, BR Speed: -0
[2025-11-24 23:32:02.160] [info] Target: vx=0.17280288, vy=0.100693434, v_yaw=0
[2025-11-24 23:32:02.161] [info] Current: vx=0.18459241, vy=0.06734783, v_yaw=0
[2025-11-24 23:32:02.161] [info] Current FL Speed: -0, FR Speed: 0, BL Speed: -0, BR Speed: -0
[2025-11-24 23:32:02.210] [info] Target: vx=0.17075458, vy=0.10412912, v_yaw=0
[2025-11-24 23:32:02.211] [info] Current: vx=0.18320863, vy=0.07102596, v_yaw=0
[2025-11-24 23:32:02.211] [info] Current FL Speed: -0, FR Speed: 0, BL Speed: -0, BR Speed: -0
[2025-11-24 23:32:02.261] [info] Target: vx=0.16863799, vy=0.10752316, v_yaw=0
[2025-11-24 23:32:02.261] [info] Current: vx=0.18175156, vy=0.07467568, v_yaw=0
[2025-11-24 23:32:02.261] [info] Current FL Speed: -0, FR Speed: 0, BL Speed: -0, BR Speed: -0
[2025-11-24 23:32:02.310] [info] Target: vx=0.16645394, vy=0.11087418, v_yaw=0
[2025-11-24 23:32:02.311] [info] Current: vx=0.1802218, vy=0.07829553, v_yaw=0
[2025-11-24 23:32:02.311] [info] Current FL Speed: -0, FR Speed: 0, BL Speed: -0, BR Speed: -0
[2025-11-24 23:32:02.360] [info] Target: vx=0.16420332, vy=0.11418086, v_yaw=0
[2025-11-24 23:32:02.361] [info] Current: vx=0.17861995, vy=0.081884064, v_yaw=0
[2025-11-24 23:32:02.361] [info] Current FL Speed: -0, FR Speed: 0, BL Speed: -0, BR Speed: -0
[2025-11-24 23:32:02.410] [info] Target: vx=0.16188702, vy=0.11744188, v_yaw=0
[2025-11-24 23:32:02.411] [info] Current: vx=0.17694665, vy=0.085439846, v_yaw=0
[2025-11-24 23:32:02.411] [info] Current FL Speed: -0, FR Speed: 0, BL Speed: -0, BR Speed: -0
[2025-11-24 23:32:02.460] [info] Target: vx=0.15950596, vy=0.12065591, v_yaw=0
[2025-11-24 23:32:02.461] [info] Current: vx=0.17520258, vy=0.08896145, v_yaw=0
[2025-11-24 23:32:02.461] [info] Current FL Speed: -0, FR Speed: 0, BL Speed: -0, BR Speed: -0
[2025-11-24 23:32:02.510] [info] Target: vx=0.15706111, vy=0.12382168, v_yaw=0
[2025-11-24 23:32:02.511] [info] Current: vx=0.17338844, vy=0.092447475, v_yaw=0
[2025-11-24 23:32:02.511] [info] Current FL Speed: -0, FR Speed: 0, BL Speed: -0, BR Speed: -0
[2025-11-24 23:32:02.560] [info] Target: vx=0.15455343, vy=0.12693793, v_yaw=0
[2025-11-24 23:32:02.561] [info] Current: vx=0.17150493, vy=0.09589652, v_yaw=0
[2025-11-24 23:32:02.561] [info] Current FL Speed: -0, FR Speed: 0, BL Speed: -0, BR Speed: -0
[2025-11-24 23:32:02.610] [info] Target: vx=0.15198393, vy=0.13000341, v_yaw=0
[2025-11-24 23:32:02.611] [info] Current: vx=0.16955283, vy=0.09930721, v_yaw=0
[2025-11-24 23:32:02.611] [info] Current FL Speed: -0, FR Speed: 0, BL Speed: -0, BR Speed: -0
[2025-11-24 23:32:02.660] [info] Target: vx=0.14935365, vy=0.13301687, v_yaw=0
[2025-11-24 23:32:02.661] [info] Current: vx=0.16753292, vy=0.10267817, v_yaw=0
[2025-11-24 23:32:02.661] [info] Current FL Speed: -0, FR Speed: 0, BL Speed: -0, BR Speed: -0
[2025-11-24 23:32:02.710] [info] Target: vx=0.14666362, vy=0.13597715, v_yaw=0
[2025-11-24 23:32:02.711] [info] Current: vx=0.16544598, vy=0.10600807, v_yaw=0
[2025-11-24 23:32:02.711] [info] Current FL Speed: -0, FR Speed: 0, BL Speed: -0, BR Speed: -0
[2025-11-24 23:32:02.760] [info] Target: vx=0.14391492, vy=0.13888302, v_yaw=0
[2025-11-24 23:32:02.761] [info] Current: vx=0.16329288, vy=0.10929556, v_yaw=0
[2025-11-24 23:32:02.761] [info] Current FL Speed: -0, FR Speed: 0, BL Speed: -0, BR Speed: -0
[2025-11-24 23:32:02.810] [info] Target: vx=0.14110868, vy=0.14173335, v_yaw=0
[2025-11-24 23:32:02.811] [info] Current: vx=0.16107446, vy=0.11253934, v_yaw=0
[2025-11-24 23:32:02.811] [info] Current FL Speed: -0, FR Speed: 0, BL Speed: -0, BR Speed: -0
[2025-11-24 23:32:02.860] [info] Target: vx=0.13824598, vy=0.14452699, v_yaw=0
[2025-11-24 23:32:02.861] [info] Current: vx=0.15879162, vy=0.11573811, v_yaw=0
[2025-11-24 23:32:02.861] [info] Current FL Speed: -0, FR Speed: 0, BL Speed: -0, BR Speed: -0
[2025-11-24 23:32:02.910] [info] Target: vx=0.13532798, vy=0.14726281, v_yaw=0
[2025-11-24 23:32:02.911] [info] Current: vx=0.15644525, vy=0.118890576, v_yaw=0
[2025-11-24 23:32:02.911] [info] Current FL Speed: -0, FR Speed: 0, BL Speed: -0, BR Speed: -0
[2025-11-24 23:32:02.960] [info] Target: vx=0.13235587, vy=0.14993975, v_yaw=0
[2025-11-24 23:32:02.961] [info] Current: vx=0.15403631, vy=0.121995494, v_yaw=0
[2025-11-24 23:32:02.961] [info] Current FL Speed: -0, FR Speed: 0, BL Speed: -0, BR Speed: -0
[2025-11-24 23:32:03.010] [info] Target: vx=0.1293308, vy=0.15255669, v_yaw=0
[2025-11-24 23:32:03.011] [info] Current: vx=0.15156576, vy=0.12505162, v_yaw=0
[2025-11-24 23:32:03.011] [info] Current FL Speed: -0, FR Speed: 0, BL Speed: -0, BR Speed: -0
[2025-11-24 23:32:03.060] [info] Target: vx=0.126254, vy=0.15511262, v_yaw=0
[2025-11-24 23:32:03.061] [info] Current: vx=0.14903459, vy=0.12805772, v_yaw=0
[2025-11-24 23:32:03.061] [info] Current FL Speed: -0, FR Speed: 0, BL Speed: -0, BR Speed: -0
[2025-11-24 23:32:03.110] [info] Target: vx=0.123126715, vy=0.15760651, v_yaw=0
[2025-11-24 23:32:03.111] [info] Current: vx=0.1464438, vy=0.1310126, v_yaw=0
[2025-11-24 23:32:03.111] [info] Current FL Speed: -0, FR Speed: 0, BL Speed: -0, BR Speed: -0
[2025-11-24 23:32:03.160] [info] Target: vx=0.119950175, vy=0.16003735, v_yaw=0
[2025-11-24 23:32:03.161] [info] Current: vx=0.14379443, vy=0.13391508, v_yaw=0
[2025-11-24 23:32:03.161] [info] Current FL Speed: -0, FR Speed: 0, BL Speed: -0, BR Speed: -0
[2025-11-24 23:32:03.210] [info] Target: vx=0.11672565, vy=0.1624042, v_yaw=0
[2025-11-24 23:32:03.211] [info] Current: vx=0.14108756, vy=0.13676399, v_yaw=0
[2025-11-24 23:32:03.211] [info] Current FL Speed: -0, FR Speed: 0, BL Speed: -0, BR Speed: -0
[2025-11-24 23:32:03.260] [info] Target: vx=0.113454446, vy=0.16470607, v_yaw=0
[2025-11-24 23:32:03.261] [info] Current: vx=0.13832425, vy=0.1395582, v_yaw=0
[2025-11-24 23:32:03.261] [info] Current FL Speed: -0, FR Speed: 0, BL Speed: -0, BR Speed: -0
[2025-11-24 23:32:03.310] [info] Target: vx=0.11013786, vy=0.16694206, v_yaw=0
[2025-11-24 23:32:03.311] [info] Current: vx=0.1355056, vy=0.14229658, v_yaw=0
[2025-11-24 23:32:03.311] [info] Current FL Speed: -0, FR Speed: 0, BL Speed: -0, BR Speed: -0
[2025-11-24 23:32:03.360] [info] Target: vx=0.10677721, vy=0.16911128, v_yaw=0
[2025-11-24 23:32:03.361] [info] Current: vx=0.13263276, vy=0.14497805, v_yaw=0
[2025-11-24 23:32:03.361] [info] Current FL Speed: -0, FR Speed: 0, BL Speed: -0, BR Speed: -0
[2025-11-24 23:32:03.410] [info] Target: vx=0.10337386, vy=0.17121287, v_yaw=0
[2025-11-24 23:32:03.411] [info] Current: vx=0.12970687, vy=0.14760153, v_yaw=0
[2025-11-24 23:32:03.411] [info] Current FL Speed: -0, FR Speed: 0, BL Speed: -0, BR Speed: -0
[2025-11-24 23:32:03.460] [info] Target: vx=0.09992916, vy=0.17324597, v_yaw=0
[2025-11-24 23:32:03.461] [info] Current: vx=0.1267291, vy=0.15016598, v_yaw=0
[2025-11-24 23:32:03.461] [info] Current FL Speed: -0, FR Speed: 0, BL Speed: -0, BR Speed: -0
[2025-11-24 23:32:03.510] [info] Target: vx=0.096444495, vy=0.17520976, v_yaw=0
[2025-11-24 23:32:03.511] [info] Current: vx=0.12370064, vy=0.15267035, v_yaw=0
[2025-11-24 23:32:03.511] [info] Current FL Speed: -0, FR Speed: 0, BL Speed: -0, BR Speed: -0
[2025-11-24 23:32:03.560] [info] Target: vx=0.09292125, vy=0.17710347, v_yaw=0
[2025-11-24 23:32:03.561] [info] Current: vx=0.1206227, vy=0.15511367, v_yaw=0
[2025-11-24 23:32:03.561] [info] Current FL Speed: -0, FR Speed: 0, BL Speed: -0, BR Speed: -0
[2025-11-24 23:32:03.610] [info] Target: vx=0.08936083, vy=0.17892636, v_yaw=0
[2025-11-24 23:32:03.611] [info] Current: vx=0.11749651, vy=0.15749493, v_yaw=0
[2025-11-24 23:32:03.611] [info] Current FL Speed: -0, FR Speed: 0, BL Speed: -0, BR Speed: -0
[2025-11-24 23:32:03.660] [info] Target: vx=0.08576468, vy=0.18067767, v_yaw=0
[2025-11-24 23:32:03.661] [info] Current: vx=0.11432333, vy=0.15981321, v_yaw=0
[2025-11-24 23:32:03.661] [info] Current FL Speed: -0, FR Speed: 0, BL Speed: -0, BR Speed: -0
[2025-11-24 23:32:03.710] [info] Target: vx=0.08213422, vy=0.18235672, v_yaw=0
[2025-11-24 23:32:03.711] [info] Current: vx=0.11110442, vy=0.16206756, v_yaw=0
[2025-11-24 23:32:03.711] [info] Current FL Speed: -0, FR Speed: 0, BL Speed: -0, BR Speed: -0
[2025-11-24 23:32:03.760] [info] Target: vx=0.0784709, vy=0.18396282, v_yaw=0
[2025-11-24 23:32:03.761] [info] Current: vx=0.10784107, vy=0.1642571, v_yaw=0
[2025-11-24 23:32:03.761] [info] Current FL Speed: -0, FR Speed: 0, BL Speed: -0, BR Speed: -0
[2025-11-24 23:32:03.810] [info] Target: vx=0.0747762, vy=0.18549535, v_yaw=0
[2025-11-24 23:32:03.811] [info] Current: vx=0.10453458, vy=0.16638091, v_yaw=0
[2025-11-24 23:32:03.811] [info] Current FL Speed: -0, FR Speed: 0, BL Speed: -0, BR Speed: -0
[2025-11-24 23:32:03.860] [info] Target: vx=0.07105159, vy=0.18695366, v_yaw=0
[2025-11-24 23:32:03.861] [info] Current: vx=0.10118628, vy=0.16843818, v_yaw=0
[2025-11-24 23:32:03.861] [info] Current FL Speed: -0, FR Speed: 0, BL Speed: -0, BR Speed: -0
[2025-11-24 23:32:03.910] [info] Target: vx=0.06729856, vy=0.1883372, v_yaw=0
[2025-11-24 23:32:03.911] [info] Current: vx=0.09779751, vy=0.17042808, v_yaw=0
[2025-11-24 23:32:03.911] [info] Current FL Speed: -0, FR Speed: 0, BL Speed: -0, BR Speed: -0
[2025-11-24 23:32:03.960] [info] Target: vx=0.06351861, vy=0.18964542, v_yaw=0
[2025-11-24 23:32:03.961] [info] Current: vx=0.09436962, vy=0.17234981, v_yaw=0
[2025-11-24 23:32:03.961] [info] Current FL Speed: -0, FR Speed: 0, BL Speed: -0, BR Speed: -0
[2025-11-24 23:32:04.010] [info] Target: vx=0.059713256, vy=0.19087778, v_yaw=0
[2025-11-24 23:32:04.011] [info] Current: vx=0.09090398, vy=0.1742026, v_yaw=0
[2025-11-24 23:32:04.011] [info] Current FL Speed: -0, FR Speed: 0, BL Speed: -0, BR Speed: -0
[2025-11-24 23:32:04.060] [info] Target: vx=0.055884015, vy=0.1920338, v_yaw=0
[2025-11-24 23:32:04.061] [info] Current: vx=0.087401986, vy=0.17598572, v_yaw=0
[2025-11-24 23:32:04.061] [info] Current FL Speed: -0, FR Speed: 0, BL Speed: -0, BR Speed: -0
[2025-11-24 23:32:04.110] [info] Target: vx=0.052032422, vy=0.193113, v_yaw=0
[2025-11-24 23:32:04.111] [info] Current: vx=0.08386503, vy=0.17769845, v_yaw=0
[2025-11-24 23:32:04.111] [info] Current FL Speed: -0, FR Speed: 0, BL Speed: -0, BR Speed: -0
[2025-11-24 23:32:04.160] [info] Target: vx=0.04816002, vy=0.19411495, v_yaw=0
[2025-11-24 23:32:04.161] [info] Current: vx=0.08029453, vy=0.1793401, v_yaw=0
[2025-11-24 23:32:04.161] [info] Current FL Speed: -0, FR Speed: 0, BL Speed: -0, BR Speed: -0
[2025-11-24 23:32:04.210] [info] Target: vx=0.04426835, vy=0.19503926, v_yaw=0
[2025-11-24 23:32:04.211] [info] Current: vx=0.07669191, vy=0.18091, v_yaw=0
[2025-11-24 23:32:04.211] [info] Current FL Speed: -0, FR Speed: 0, BL Speed: -0, BR Speed: -0
[2025-11-24 23:32:04.260] [info] Target: vx=0.040358976, vy=0.19588557, v_yaw=0
[2025-11-24 23:32:04.261] [info] Current: vx=0.07305862, vy=0.18240756, v_yaw=0
[2025-11-24 23:32:04.261] [info] Current FL Speed: -0, FR Speed: 0, BL Speed: -0, BR Speed: -0
[2025-11-24 23:32:04.310] [info] Target: vx=0.03643346, vy=0.19665352, v_yaw=0
[2025-11-24 23:32:04.311] [info] Current: vx=0.0693961, vy=0.18383215, v_yaw=0
[2025-11-24 23:32:04.311] [info] Current FL Speed: -0, FR Speed: 0, BL Speed: -0, BR Speed: -0
[2025-11-24 23:32:04.360] [info] Target: vx=0.032493368, vy=0.1973428, v_yaw=0
[2025-11-24 23:32:04.361] [info] Current: vx=0.06570583, vy=0.18518321, v_yaw=0
[2025-11-24 23:32:04.361] [info] Current FL Speed: -0, FR Speed: 0, BL Speed: -0, BR Speed: -0
[2025-11-24 23:32:04.410] [info] Target: vx=0.02854028, vy=0.19795316, v_yaw=0
[2025-11-24 23:32:04.411] [info] Current: vx=0.061989274, vy=0.18646021, v_yaw=0
[2025-11-24 23:32:04.411] [info] Current FL Speed: -0, FR Speed: 0, BL Speed: -0, BR Speed: -0
[2025-11-24 23:32:04.460] [info] Target: vx=0.024575775, vy=0.19848433, v_yaw=0
[2025-11-24 23:32:04.461] [info] Current: vx=0.058247924, vy=0.18766263, v_yaw=0
[2025-11-24 23:32:04.461] [info] Current FL Speed: -0, FR Speed: 0, BL Speed: -0, BR Speed: -0
[2025-11-24 23:32:04.510] [info] Target: vx=0.020601442, vy=0.19893612, v_yaw=0
[2025-11-24 23:32:04.511] [info] Current: vx=0.054483276, vy=0.18878998, v_yaw=0
[2025-11-24 23:32:04.511] [info] Current FL Speed: -0, FR Speed: 0, BL Speed: -0, BR Speed: -0
[2025-11-24 23:32:04.560] [info] Target: vx=0.016618868, vy=0.19930834, v_yaw=0
[2025-11-24 23:32:04.561] [info] Current: vx=0.050696835, vy=0.1898418, v_yaw=0
[2025-11-24 23:32:04.561] [info] Current FL Speed: -0, FR Speed: 0, BL Speed: -0, BR Speed: -0
[2025-11-24 23:32:04.610] [info] Target: vx=0.012629649, vy=0.19960083, v_yaw=0
[2025-11-24 23:32:04.611] [info] Current: vx=0.046890117, vy=0.19081771, v_yaw=0
[2025-11-24 23:32:04.611] [info] Current FL Speed: -0, FR Speed: 0, BL Speed: -0, BR Speed: -0
[2025-11-24 23:32:04.646] [warning] Received signal 2, shutting down...
[2025-11-24 23:32:04.646] [info] Motion solver test finished.
[2025-11-24 23:32:45.424] [info] Caught signal, shutting down gracefully...
[2025-11-24 23:32:45.424] [info] Disconnecting from the MQTT server...
[2025-11-24 23:32:45.425] [info] Clean up and exit.
