[2025-11-25 00:50:15.086] [test_motion_solver] [info] Logger initialized successfully. Logging to application.log
[2025-11-25 00:50:15.087] [test_motion_solver] [info] PidController state reset.
[2025-11-25 00:50:15.087] [test_motion_solver] [info] PidController initialized.
[2025-11-25 00:50:15.108] [test_motion_solver] [info] RotaryEncoder initialized and ISRs registered on pins 3 and 4 for instance 0. Configured pins: A=3, B=4
[2025-11-25 00:50:15.108] [test_motion_solver] [info] Motor initialized with pwm_pin: 1, encoder_pinA: 3, encoder_pinB: 4
[2025-11-25 00:50:15.108] [test_motion_solver] [info] PidController state reset.
[2025-11-25 00:50:15.108] [test_motion_solver] [info] PidController initialized.
[2025-11-25 00:50:15.128] [test_motion_solver] [info] RotaryEncoder initialized and ISRs registered on pins 22 and 25 for instance 1. Configured pins: A=22, B=25
[2025-11-25 00:50:15.128] [test_motion_solver] [info] Motor initialized with pwm_pin: 24, encoder_pinA: 22, encoder_pinB: 25
[2025-11-25 00:50:15.128] [test_motion_solver] [info] PidController state reset.
[2025-11-25 00:50:15.128] [test_motion_solver] [info] PidController initialized.
[2025-11-25 00:50:15.149] [test_motion_solver] [info] RotaryEncoder initialized and ISRs registered on pins 7 and 10 for instance 2. Configured pins: A=7, B=10
[2025-11-25 00:50:15.149] [test_motion_solver] [info] Motor initialized with pwm_pin: 23, encoder_pinA: 7, encoder_pinB: 10
[2025-11-25 00:50:15.149] [test_motion_solver] [info] PidController state reset.
[2025-11-25 00:50:15.149] [test_motion_solver] [info] PidController initialized.
[2025-11-25 00:50:15.169] [test_motion_solver] [info] RotaryEncoder initialized and ISRs registered on pins 30 and 29 for instance 3. Configured pins: A=30, B=29
[2025-11-25 00:50:15.169] [test_motion_solver] [info] Motor initialized with pwm_pin: 26, encoder_pinA: 30, encoder_pinB: 29
[2025-11-25 00:50:15.170] [test_motion_solver] [info] PidController state reset.
[2025-11-25 00:50:15.170] [test_motion_solver] [info] PidController parameters initialized: Kp=73.3, Ki=18.4, Kd=72, MaxIOut=99
[2025-11-25 00:50:15.170] [test_motion_solver] [info] PidController state reset.
[2025-11-25 00:50:15.170] [test_motion_solver] [info] PidController parameters initialized: Kp=70.3, Ki=51.6, Kd=67.7, MaxIOut=99
[2025-11-25 00:50:15.170] [test_motion_solver] [info] PidController state reset.
[2025-11-25 00:50:15.170] [test_motion_solver] [info] PidController parameters initialized: Kp=79.5, Ki=48, Kd=57.6, MaxIOut=99
[2025-11-25 00:50:15.170] [test_motion_solver] [info] PidController state reset.
[2025-11-25 00:50:15.170] [test_motion_solver] [info] PidController parameters initialized: Kp=59.8, Ki=42.4, Kd=61.3, MaxIOut=99
[2025-11-25 00:50:15.170] [test_motion_solver] [info] PeriodicTimer started with period: 15ms
[2025-11-25 00:50:15.170] [test_motion_solver] [info] PeriodicTimer started with period: 15ms
[2025-11-25 00:50:15.170] [test_motion_solver] [info] PeriodicTimer started with period: 15ms
[2025-11-25 00:50:15.170] [test_motion_solver] [info] PeriodicTimer started with period: 15ms
[2025-11-25 00:50:15.170] [test_motion_solver] [info] PeriodicTimer started with period: 1000ms
[2025-11-25 00:50:15.170] [test_motion_solver] [info] Motion solver test started. Press Ctrl+C to exit.
[2025-11-25 00:50:16.170] [test_motion_solver] [info] Target: vx=-0, vy=0.2, v_yaw=0
[2025-11-25 00:50:16.170] [test_motion_solver] [info] Current: vx=0, vy=0.020000001, v_yaw=0
[2025-11-25 00:50:16.170] [test_motion_solver] [info] Current FL Speed: -0, FR Speed: 0, BL Speed: -0, BR Speed: -0
[2025-11-25 00:50:17.170] [test_motion_solver] [info] Target: vx=-0.003999734, vy=0.19996001, v_yaw=0
[2025-11-25 00:50:17.170] [test_motion_solver] [info] Current: vx=-0.0003999734, vy=0.037996, v_yaw=0
[2025-11-25 00:50:17.170] [test_motion_solver] [info] Current FL Speed: -0, FR Speed: 0, BL Speed: -0, BR Speed: -0
[2025-11-25 00:50:18.170] [test_motion_solver] [info] Target: vx=-0.007997868, vy=0.19984002, v_yaw=0
[2025-11-25 00:50:18.170] [test_motion_solver] [info] Current: vx=-0.0011597628, vy=0.054180406, v_yaw=0
[2025-11-25 00:50:18.170] [test_motion_solver] [info] Current FL Speed: -0, FR Speed: 0, BL Speed: -0, BR Speed: -0
[2025-11-25 00:50:18.278] [debug_pid] [info] Logger initialized successfully. Logging to application.log
[2025-11-25 00:50:18.279] [debug_pid] [info] wiringPi initialized successfully
[2025-11-25 00:50:18.280] [debug_pid] [info] PidController state reset.
[2025-11-25 00:50:18.280] [debug_pid] [info] PidController initialized.
[2025-11-25 00:50:18.300] [debug_pid] [info] RotaryEncoder initialized and ISRs registered on pins 3 and 4 for instance 0. Configured pins: A=3, B=4
[2025-11-25 00:50:18.300] [debug_pid] [info] Motor initialized with pwm_pin: 1, encoder_pinA: 3, encoder_pinB: 4
[2025-11-25 00:50:18.300] [debug_pid] [info] PidController state reset.
[2025-11-25 00:50:18.300] [debug_pid] [info] PidController initialized.
[2025-11-25 00:50:18.321] [debug_pid] [info] RotaryEncoder initialized and ISRs registered on pins 22 and 25 for instance 1. Configured pins: A=22, B=25
[2025-11-25 00:50:18.321] [debug_pid] [info] Motor initialized with pwm_pin: 24, encoder_pinA: 22, encoder_pinB: 25
[2025-11-25 00:50:18.321] [debug_pid] [info] PidController state reset.
[2025-11-25 00:50:18.321] [debug_pid] [info] PidController initialized.
[2025-11-25 00:50:18.341] [debug_pid] [info] RotaryEncoder initialized and ISRs registered on pins 7 and 10 for instance 2. Configured pins: A=7, B=10
[2025-11-25 00:50:18.341] [debug_pid] [info] Motor initialized with pwm_pin: 23, encoder_pinA: 7, encoder_pinB: 10
[2025-11-25 00:50:18.341] [debug_pid] [info] PidController state reset.
[2025-11-25 00:50:18.341] [debug_pid] [info] PidController initialized.
[2025-11-25 00:50:18.362] [debug_pid] [info] RotaryEncoder initialized and ISRs registered on pins 30 and 29 for instance 3. Configured pins: A=30, B=29
[2025-11-25 00:50:18.362] [debug_pid] [info] Motor initialized with pwm_pin: 26, encoder_pinA: 30, encoder_pinB: 29
[2025-11-25 00:50:18.362] [debug_pid] [info] PidController state reset.
[2025-11-25 00:50:18.362] [debug_pid] [info] PidController parameters initialized: Kp=73.3, Ki=18.4, Kd=72, MaxIOut=99
[2025-11-25 00:50:18.362] [debug_pid] [info] PidController state reset.
[2025-11-25 00:50:18.362] [debug_pid] [info] PidController parameters initialized: Kp=70.3, Ki=51.6, Kd=67.7, MaxIOut=99
[2025-11-25 00:50:18.362] [debug_pid] [info] PidController state reset.
[2025-11-25 00:50:18.362] [debug_pid] [info] PidController parameters initialized: Kp=79.5, Ki=48, Kd=57.6, MaxIOut=99
[2025-11-25 00:50:18.362] [debug_pid] [info] PidController state reset.
[2025-11-25 00:50:18.362] [debug_pid] [info] PidController parameters initialized: Kp=59.8, Ki=42.4, Kd=61.3, MaxIOut=99
[2025-11-25 00:50:18.363] [debug_pid] [info] PeriodicTimer started with period: 10ms
[2025-11-25 00:50:18.363] [debug_pid] [info] PeriodicTimer started with period: 10ms
[2025-11-25 00:50:18.363] [debug_pid] [info] PeriodicTimer started with period: 10ms
[2025-11-25 00:50:18.363] [debug_pid] [info] PeriodicTimer started with period: 10ms
[2025-11-25 00:50:18.365] [debug_pid] [info] Connecting to the MQTT server...
[2025-11-25 00:50:18.376] [debug_pid] [info] MQTT client connected. Starting event loop.
[2025-11-25 00:50:18.376] [debug_pid] [info] Connection successful.
[2025-11-25 00:50:18.376] [debug_pid] [info] Subscribing to topic 'pid/control' for client pid_debugger using QoS 1
[2025-11-25 00:50:19.170] [test_motion_solver] [info] Target: vx=-0.011992802, vy=0.19964011, v_yaw=0
[2025-11-25 00:50:19.170] [test_motion_solver] [info] Current: vx=-0.0022430667, vy=0.068726376, v_yaw=0
[2025-11-25 00:50:19.170] [test_motion_solver] [info] Current FL Speed: -0, FR Speed: 0, BL Speed: -0, BR Speed: -0
[2025-11-25 00:50:20.170] [test_motion_solver] [info] Target: vx=-0.01598294, vy=0.19936034, v_yaw=0
[2025-11-25 00:50:20.170] [test_motion_solver] [info] Current: vx=-0.0036170543, vy=0.08178977, v_yaw=0
[2025-11-25 00:50:20.170] [test_motion_solver] [info] Current FL Speed: -0, FR Speed: 0, BL Speed: -0, BR Speed: -0
[2025-11-25 00:50:21.170] [test_motion_solver] [info] Target: vx=-0.019966686, vy=0.19900084, v_yaw=0
[2025-11-25 00:50:21.170] [test_motion_solver] [info] Current: vx=-0.0052520176, vy=0.09351087, v_yaw=0
[2025-11-25 00:50:21.170] [test_motion_solver] [info] Current FL Speed: -0, FR Speed: 0, BL Speed: -0, BR Speed: -0
[2025-11-25 00:50:22.170] [test_motion_solver] [info] Target: vx=-0.023942444, vy=0.19856173, v_yaw=0
[2025-11-25 00:50:22.170] [test_motion_solver] [info] Current: vx=-0.00712106, vy=0.10401596, v_yaw=0
[2025-11-25 00:50:22.170] [test_motion_solver] [info] Current FL Speed: -0, FR Speed: 0, BL Speed: -0, BR Speed: -0
[2025-11-25 00:50:23.170] [test_motion_solver] [info] Target: vx=-0.027908627, vy=0.1980432, v_yaw=0
[2025-11-25 00:50:23.170] [test_motion_solver] [info] Current: vx=-0.009199817, vy=0.11341868, v_yaw=0
[2025-11-25 00:50:23.170] [test_motion_solver] [info] Current FL Speed: -0, FR Speed: 0, BL Speed: -0, BR Speed: -0
[2025-11-25 00:50:24.170] [test_motion_solver] [info] Target: vx=-0.031863645, vy=0.19744545, v_yaw=0
[2025-11-25 00:50:24.170] [test_motion_solver] [info] Current: vx=-0.0114661995, vy=0.12182136, v_yaw=0
[2025-11-25 00:50:24.170] [test_motion_solver] [info] Current FL Speed: -0, FR Speed: 0, BL Speed: -0, BR Speed: -0
[2025-11-25 00:50:25.170] [test_motion_solver] [info] Target: vx=-0.03580592, vy=0.19676875, v_yaw=0
[2025-11-25 00:50:25.170] [test_motion_solver] [info] Current: vx=-0.013900172, vy=0.12931609, v_yaw=0
[2025-11-25 00:50:25.170] [test_motion_solver] [info] Current FL Speed: -0, FR Speed: 0, BL Speed: -0, BR Speed: -0
[2025-11-25 00:50:26.170] [test_motion_solver] [info] Target: vx=-0.039733868, vy=0.19601332, v_yaw=0
[2025-11-25 00:50:26.170] [test_motion_solver] [info] Current: vx=-0.016483542, vy=0.13598582, v_yaw=0
[2025-11-25 00:50:26.170] [test_motion_solver] [info] Current FL Speed: -0, FR Speed: 0, BL Speed: -0, BR Speed: -0
[2025-11-25 00:50:27.170] [test_motion_solver] [info] Target: vx=-0.043645926, vy=0.19517949, v_yaw=0
[2025-11-25 00:50:27.170] [test_motion_solver] [info] Current: vx=-0.01919978, vy=0.14190519, v_yaw=0
[2025-11-25 00:50:27.170] [test_motion_solver] [info] Current FL Speed: -0, FR Speed: 0, BL Speed: -0, BR Speed: -0
[2025-11-25 00:50:28.170] [test_motion_solver] [info] Target: vx=-0.047540523, vy=0.1942676, v_yaw=0
[2025-11-25 00:50:28.170] [test_motion_solver] [info] Current: vx=-0.022033853, vy=0.14714143, v_yaw=0
[2025-11-25 00:50:28.170] [test_motion_solver] [info] Current FL Speed: -0, FR Speed: 0, BL Speed: -0, BR Speed: -0
[2025-11-25 00:50:29.170] [test_motion_solver] [info] Target: vx=-0.05141611, vy=0.193278, v_yaw=0
[2025-11-25 00:50:29.170] [test_motion_solver] [info] Current: vx=-0.02497208, vy=0.15175508, v_yaw=0
[2025-11-25 00:50:29.170] [test_motion_solver] [info] Current FL Speed: -0, FR Speed: 0, BL Speed: -0, BR Speed: -0
[2025-11-25 00:50:30.170] [test_motion_solver] [info] Target: vx=-0.05527113, vy=0.19221109, v_yaw=0
[2025-11-25 00:50:30.170] [test_motion_solver] [info] Current: vx=-0.028001985, vy=0.15580069, v_yaw=0
[2025-11-25 00:50:30.170] [test_motion_solver] [info] Current FL Speed: -0, FR Speed: 0, BL Speed: -0, BR Speed: -0
[2025-11-25 00:50:31.170] [test_motion_solver] [info] Target: vx=-0.059104044, vy=0.1910673, v_yaw=0
[2025-11-25 00:50:31.170] [test_motion_solver] [info] Current: vx=-0.03111219, vy=0.15932734, v_yaw=0
[2025-11-25 00:50:31.170] [test_motion_solver] [info] Current FL Speed: -0, FR Speed: 0, BL Speed: -0, BR Speed: -0
[2025-11-25 00:50:32.170] [test_motion_solver] [info] Target: vx=-0.06291332, vy=0.18984708, v_yaw=0
[2025-11-25 00:50:32.170] [test_motion_solver] [info] Current: vx=-0.034292303, vy=0.16237932, v_yaw=0
[2025-11-25 00:50:32.170] [test_motion_solver] [info] Current FL Speed: -0, FR Speed: 0, BL Speed: -0, BR Speed: -0
[2025-11-25 00:50:33.170] [test_motion_solver] [info] Target: vx=-0.066697426, vy=0.18855093, v_yaw=0
[2025-11-25 00:50:33.170] [test_motion_solver] [info] Current: vx=-0.037532814, vy=0.16499649, v_yaw=0
[2025-11-25 00:50:33.170] [test_motion_solver] [info] Current FL Speed: -0, FR Speed: 0, BL Speed: -0, BR Speed: -0
[2025-11-25 00:50:34.170] [test_motion_solver] [info] Target: vx=-0.07045486, vy=0.18717937, v_yaw=0
[2025-11-25 00:50:34.170] [test_motion_solver] [info] Current: vx=-0.040825017, vy=0.16721478, v_yaw=0
[2025-11-25 00:50:34.170] [test_motion_solver] [info] Current FL Speed: -0, FR Speed: 0, BL Speed: -0, BR Speed: -0
[2025-11-25 00:50:35.170] [test_motion_solver] [info] Target: vx=-0.074184105, vy=0.18573293, v_yaw=0
[2025-11-25 00:50:35.170] [test_motion_solver] [info] Current: vx=-0.044160925, vy=0.1690666, v_yaw=0
[2025-11-25 00:50:35.170] [test_motion_solver] [info] Current FL Speed: -0, FR Speed: 0, BL Speed: -0, BR Speed: -0
[2025-11-25 00:50:36.170] [test_motion_solver] [info] Target: vx=-0.07788368, vy=0.1842122, v_yaw=0
[2025-11-25 00:50:36.170] [test_motion_solver] [info] Current: vx=-0.0475332, vy=0.17058115, v_yaw=0
[2025-11-25 00:50:36.170] [test_motion_solver] [info] Current FL Speed: -0, FR Speed: 0, BL Speed: -0, BR Speed: -0
[2025-11-25 00:50:37.170] [test_motion_solver] [info] Target: vx=-0.0815521, vy=0.18261778, v_yaw=0
[2025-11-25 00:50:37.170] [test_motion_solver] [info] Current: vx=-0.05093509, vy=0.17178482, v_yaw=0
[2025-11-25 00:50:37.170] [test_motion_solver] [info] Current FL Speed: -0, FR Speed: 0, BL Speed: -0, BR Speed: -0
[2025-11-25 00:50:38.170] [test_motion_solver] [info] Target: vx=-0.08518791, vy=0.18095033, v_yaw=0
[2025-11-25 00:50:38.170] [test_motion_solver] [info] Current: vx=-0.05436037, vy=0.17270137, v_yaw=0
[2025-11-25 00:50:38.170] [test_motion_solver] [info] Current FL Speed: -0, FR Speed: 0, BL Speed: -0, BR Speed: -0
[2025-11-25 00:50:39.170] [test_motion_solver] [info] Target: vx=-0.08878964, vy=0.1792105, v_yaw=0
[2025-11-25 00:50:39.170] [test_motion_solver] [info] Current: vx=-0.0578033, vy=0.17335229, v_yaw=0
[2025-11-25 00:50:39.170] [test_motion_solver] [info] Current FL Speed: -0, FR Speed: 0, BL Speed: -0, BR Speed: -0
[2025-11-25 00:50:40.170] [test_motion_solver] [info] Target: vx=-0.092355855, vy=0.17739898, v_yaw=0
[2025-11-25 00:50:40.170] [test_motion_solver] [info] Current: vx=-0.061258554, vy=0.17375696, v_yaw=0
[2025-11-25 00:50:40.170] [test_motion_solver] [info] Current FL Speed: -0, FR Speed: 0, BL Speed: -0, BR Speed: -0
[2025-11-25 00:50:41.170] [test_motion_solver] [info] Target: vx=-0.09588513, vy=0.1755165, v_yaw=0
[2025-11-25 00:50:41.170] [test_motion_solver] [info] Current: vx=-0.06472121, vy=0.17393291, v_yaw=0
[2025-11-25 00:50:41.170] [test_motion_solver] [info] Current FL Speed: -0, FR Speed: 0, BL Speed: -0, BR Speed: -0
[2025-11-25 00:50:42.170] [test_motion_solver] [info] Target: vx=-0.099376045, vy=0.17356382, v_yaw=0
[2025-11-25 00:50:42.170] [test_motion_solver] [info] Current: vx=-0.06818669, vy=0.173896, v_yaw=0
[2025-11-25 00:50:42.170] [test_motion_solver] [info] Current FL Speed: -0, FR Speed: 0, BL Speed: -0, BR Speed: -0
[2025-11-25 00:50:43.170] [test_motion_solver] [info] Target: vx=-0.10282721, vy=0.17154174, v_yaw=0
[2025-11-25 00:50:43.170] [test_motion_solver] [info] Current: vx=-0.07165074, vy=0.17366058, v_yaw=0
[2025-11-25 00:50:43.170] [test_motion_solver] [info] Current FL Speed: -0, FR Speed: 0, BL Speed: -0, BR Speed: -0
[2025-11-25 00:50:44.170] [test_motion_solver] [info] Target: vx=-0.106237255, vy=0.16945101, v_yaw=0
[2025-11-25 00:50:44.170] [test_motion_solver] [info] Current: vx=-0.07510939, vy=0.17323962, v_yaw=0
[2025-11-25 00:50:44.170] [test_motion_solver] [info] Current FL Speed: -0, FR Speed: 0, BL Speed: -0, BR Speed: -0
[2025-11-25 00:50:45.170] [test_motion_solver] [info] Target: vx=-0.1096048, vy=0.16729252, v_yaw=0
[2025-11-25 00:50:45.170] [test_motion_solver] [info] Current: vx=-0.07855894, vy=0.17264491, v_yaw=0
[2025-11-25 00:50:45.170] [test_motion_solver] [info] Current FL Speed: -0, FR Speed: 0, BL Speed: -0, BR Speed: -0
[2025-11-25 00:50:46.170] [test_motion_solver] [info] Target: vx=-0.1129285, vy=0.16506712, v_yaw=0
[2025-11-25 00:50:46.170] [test_motion_solver] [info] Current: vx=-0.08199589, vy=0.17188713, v_yaw=0
[2025-11-25 00:50:46.170] [test_motion_solver] [info] Current FL Speed: -0, FR Speed: 0, BL Speed: -0, BR Speed: -0
[2025-11-25 00:50:47.170] [test_motion_solver] [info] Target: vx=-0.11620703, vy=0.1627757, v_yaw=0
[2025-11-25 00:50:47.170] [test_motion_solver] [info] Current: vx=-0.085417, vy=0.17097598, v_yaw=0
[2025-11-25 00:50:47.170] [test_motion_solver] [info] Current FL Speed: -0, FR Speed: 0, BL Speed: -0, BR Speed: -0
[2025-11-25 00:50:48.170] [test_motion_solver] [info] Target: vx=-0.11943909, vy=0.16041915, v_yaw=0
[2025-11-25 00:50:48.170] [test_motion_solver] [info] Current: vx=-0.08881921, vy=0.1699203, v_yaw=0
[2025-11-25 00:50:48.170] [test_motion_solver] [info] Current FL Speed: -0, FR Speed: 0, BL Speed: -0, BR Speed: -0
[2025-11-25 00:50:49.170] [test_motion_solver] [info] Target: vx=-0.12262337, vy=0.15799846, v_yaw=0
[2025-11-25 00:50:49.170] [test_motion_solver] [info] Current: vx=-0.09219963, vy=0.16872811, v_yaw=0
[2025-11-25 00:50:49.170] [test_motion_solver] [info] Current FL Speed: -0, FR Speed: 0, BL Speed: -0, BR Speed: -0
[2025-11-25 00:50:50.170] [test_motion_solver] [info] Target: vx=-0.1257586, vy=0.15551455, v_yaw=0
[2025-11-25 00:50:50.170] [test_motion_solver] [info] Current: vx=-0.09555553, vy=0.16740675, v_yaw=0
[2025-11-25 00:50:50.170] [test_motion_solver] [info] Current FL Speed: -0, FR Speed: 0, BL Speed: -0, BR Speed: -0
[2025-11-25 00:50:51.170] [test_motion_solver] [info] Target: vx=-0.12884353, vy=0.15296845, v_yaw=0
[2025-11-25 00:50:51.170] [test_motion_solver] [info] Current: vx=-0.09888433, vy=0.16596292, v_yaw=0
[2025-11-25 00:50:51.170] [test_motion_solver] [info] Current FL Speed: -0, FR Speed: 0, BL Speed: -0, BR Speed: -0
[2025-11-25 00:50:52.170] [test_motion_solver] [info] Target: vx=-0.13187692, vy=0.15036117, v_yaw=0
[2025-11-25 00:50:52.170] [test_motion_solver] [info] Current: vx=-0.10218359, vy=0.16440274, v_yaw=0
[2025-11-25 00:50:52.170] [test_motion_solver] [info] Current FL Speed: -0, FR Speed: 0, BL Speed: -0, BR Speed: -0
[2025-11-25 00:50:53.170] [test_motion_solver] [info] Target: vx=-0.13485757, vy=0.14769372, v_yaw=0
[2025-11-25 00:50:53.170] [test_motion_solver] [info] Current: vx=-0.10545099, vy=0.16273184, v_yaw=0
[2025-11-25 00:50:53.170] [test_motion_solver] [info] Current FL Speed: -0, FR Speed: 0, BL Speed: -0, BR Speed: -0
[2025-11-25 00:50:54.170] [test_motion_solver] [info] Target: vx=-0.13778427, vy=0.14496723, v_yaw=0
[2025-11-25 00:50:54.170] [test_motion_solver] [info] Current: vx=-0.10868432, vy=0.16095538, v_yaw=0
[2025-11-25 00:50:54.170] [test_motion_solver] [info] Current FL Speed: -0, FR Speed: 0, BL Speed: -0, BR Speed: -0
[2025-11-25 00:50:55.170] [test_motion_solver] [info] Target: vx=-0.14065586, vy=0.14218274, v_yaw=0
[2025-11-25 00:50:55.170] [test_motion_solver] [info] Current: vx=-0.11188147, vy=0.15907812, v_yaw=0
[2025-11-25 00:50:55.170] [test_motion_solver] [info] Current FL Speed: -0, FR Speed: 0, BL Speed: -0, BR Speed: -0
[2025-11-25 00:50:56.170] [test_motion_solver] [info] Target: vx=-0.1434712, vy=0.13934137, v_yaw=0
[2025-11-25 00:50:56.170] [test_motion_solver] [info] Current: vx=-0.115040444, vy=0.15710445, v_yaw=0
[2025-11-25 00:50:56.170] [test_motion_solver] [info] Current FL Speed: -0, FR Speed: 0, BL Speed: -0, BR Speed: -0
[2025-11-25 00:50:57.170] [test_motion_solver] [info] Target: vx=-0.14622915, vy=0.13644427, v_yaw=0
[2025-11-25 00:50:57.170] [test_motion_solver] [info] Current: vx=-0.11815932, vy=0.15503843, v_yaw=0
[2025-11-25 00:50:57.170] [test_motion_solver] [info] Current FL Speed: -0, FR Speed: 0, BL Speed: -0, BR Speed: -0
[2025-11-25 00:50:58.170] [test_motion_solver] [info] Target: vx=-0.1489286, vy=0.1334926, v_yaw=0
[2025-11-25 00:50:58.170] [test_motion_solver] [info] Current: vx=-0.12123624, vy=0.15288384, v_yaw=0
[2025-11-25 00:50:58.170] [test_motion_solver] [info] Current FL Speed: -0, FR Speed: 0, BL Speed: -0, BR Speed: -0
[2025-11-25 00:50:59.170] [test_motion_solver] [info] Target: vx=-0.15156849, vy=0.13048753, v_yaw=0
[2025-11-25 00:50:59.170] [test_motion_solver] [info] Current: vx=-0.12426947, vy=0.15064421, v_yaw=0
[2025-11-25 00:50:59.170] [test_motion_solver] [info] Current FL Speed: -0, FR Speed: 0, BL Speed: -0, BR Speed: -0
[2025-11-25 00:51:00.170] [test_motion_solver] [info] Target: vx=-0.15414774, vy=0.12743028, v_yaw=0
[2025-11-25 00:51:00.170] [test_motion_solver] [info] Current: vx=-0.1272573, vy=0.14832282, v_yaw=0
[2025-11-25 00:51:00.170] [test_motion_solver] [info] Current FL Speed: -0, FR Speed: 0, BL Speed: -0, BR Speed: -0
[2025-11-25 00:51:01.170] [test_motion_solver] [info] Target: vx=-0.15666535, vy=0.124322034, v_yaw=0
[2025-11-25 00:51:01.170] [test_motion_solver] [info] Current: vx=-0.1301981, vy=0.14592274, v_yaw=0
[2025-11-25 00:51:01.170] [test_motion_solver] [info] Current FL Speed: -0, FR Speed: 0, BL Speed: -0, BR Speed: -0
[2025-11-25 00:51:02.170] [test_motion_solver] [info] Target: vx=-0.15912029, vy=0.121164076, v_yaw=0
[2025-11-25 00:51:02.170] [test_motion_solver] [info] Current: vx=-0.13309032, vy=0.14344686, v_yaw=0
[2025-11-25 00:51:02.170] [test_motion_solver] [info] Current FL Speed: -0, FR Speed: 0, BL Speed: -0, BR Speed: -0
[2025-11-25 00:51:03.170] [test_motion_solver] [info] Target: vx=-0.16151159, vy=0.11795765, v_yaw=0
[2025-11-25 00:51:03.170] [test_motion_solver] [info] Current: vx=-0.13593245, vy=0.14089794, v_yaw=0
[2025-11-25 00:51:03.170] [test_motion_solver] [info] Current FL Speed: -0, FR Speed: 0, BL Speed: -0, BR Speed: -0
[2025-11-25 00:51:04.170] [test_motion_solver] [info] Target: vx=-0.16383828, vy=0.11470405, v_yaw=0
[2025-11-25 00:51:04.170] [test_motion_solver] [info] Current: vx=-0.13872303, vy=0.13827856, v_yaw=0
[2025-11-25 00:51:04.170] [test_motion_solver] [info] Current FL Speed: -0, FR Speed: 0, BL Speed: -0, BR Speed: -0
[2025-11-25 00:51:05.170] [test_motion_solver] [info] Target: vx=-0.16609944, vy=0.11140457, v_yaw=0
[2025-11-25 00:51:05.170] [test_motion_solver] [info] Current: vx=-0.14146067, vy=0.13559116, v_yaw=0
[2025-11-25 00:51:05.170] [test_motion_solver] [info] Current FL Speed: -0, FR Speed: 0, BL Speed: -0, BR Speed: -0
[2025-11-25 00:51:06.170] [test_motion_solver] [info] Target: vx=-0.16829416, vy=0.108060524, v_yaw=0
[2025-11-25 00:51:06.170] [test_motion_solver] [info] Current: vx=-0.14414403, vy=0.1328381, v_yaw=0
[2025-11-25 00:51:06.170] [test_motion_solver] [info] Current FL Speed: -0, FR Speed: 0, BL Speed: -0, BR Speed: -0
[2025-11-25 00:51:07.170] [test_motion_solver] [info] Target: vx=-0.17042157, vy=0.10467326, v_yaw=0
[2025-11-25 00:51:07.170] [test_motion_solver] [info] Current: vx=-0.14677179, vy=0.13002162, v_yaw=0
[2025-11-25 00:51:07.170] [test_motion_solver] [info] Current FL Speed: -0, FR Speed: 0, BL Speed: -0, BR Speed: -0
[2025-11-25 00:51:08.170] [test_motion_solver] [info] Target: vx=-0.1724808, vy=0.10124412, v_yaw=0
[2025-11-25 00:51:08.170] [test_motion_solver] [info] Current: vx=-0.14934269, vy=0.12714386, v_yaw=0
[2025-11-25 00:51:08.170] [test_motion_solver] [info] Current FL Speed: -0, FR Speed: 0, BL Speed: -0, BR Speed: -0
[2025-11-25 00:51:09.170] [test_motion_solver] [info] Target: vx=-0.17447107, vy=0.09777449, v_yaw=0
[2025-11-25 00:51:09.170] [test_motion_solver] [info] Current: vx=-0.15185553, vy=0.12420692, v_yaw=0
[2025-11-25 00:51:09.170] [test_motion_solver] [info] Current FL Speed: -0, FR Speed: 0, BL Speed: -0, BR Speed: -0
[2025-11-25 00:51:10.170] [test_motion_solver] [info] Target: vx=-0.17639153, vy=0.09426575, v_yaw=0
[2025-11-25 00:51:10.170] [test_motion_solver] [info] Current: vx=-0.15430912, vy=0.1212128, v_yaw=0
[2025-11-25 00:51:10.170] [test_motion_solver] [info] Current FL Speed: -0, FR Speed: 0, BL Speed: -0, BR Speed: -0
[2025-11-25 00:51:11.170] [test_motion_solver] [info] Target: vx=-0.17824143, vy=0.090719305, v_yaw=0
[2025-11-25 00:51:11.170] [test_motion_solver] [info] Current: vx=-0.15670235, vy=0.11816345, v_yaw=0
[2025-11-25 00:51:11.170] [test_motion_solver] [info] Current FL Speed: -0, FR Speed: 0, BL Speed: -0, BR Speed: -0
[2025-11-25 00:51:12.170] [test_motion_solver] [info] Target: vx=-0.18002005, vy=0.087136574, v_yaw=0
[2025-11-25 00:51:12.170] [test_motion_solver] [info] Current: vx=-0.15903412, vy=0.11506076, v_yaw=0
[2025-11-25 00:51:12.170] [test_motion_solver] [info] Current FL Speed: -0, FR Speed: 0, BL Speed: -0, BR Speed: -0
[2025-11-25 00:51:13.170] [test_motion_solver] [info] Target: vx=-0.18172666, vy=0.08351899, v_yaw=0
[2025-11-25 00:51:13.170] [test_motion_solver] [info] Current: vx=-0.16130337, vy=0.11190659, v_yaw=0
[2025-11-25 00:51:13.170] [test_motion_solver] [info] Current FL Speed: -0, FR Speed: 0, BL Speed: -0, BR Speed: -0
[2025-11-25 00:51:14.170] [test_motion_solver] [info] Target: vx=-0.18336058, vy=0.079868004, v_yaw=0
[2025-11-25 00:51:14.170] [test_motion_solver] [info] Current: vx=-0.16350909, vy=0.10870273, v_yaw=0
[2025-11-25 00:51:14.170] [test_motion_solver] [info] Current FL Speed: -0, FR Speed: 0, BL Speed: -0, BR Speed: -0
[2025-11-25 00:51:15.170] [test_motion_solver] [info] Target: vx=-0.18492116, vy=0.07618506, v_yaw=0
[2025-11-25 00:51:15.170] [test_motion_solver] [info] Current: vx=-0.1656503, vy=0.10545096, v_yaw=0
[2025-11-25 00:51:15.170] [test_motion_solver] [info] Current FL Speed: -0, FR Speed: 0, BL Speed: -0, BR Speed: -0
[2025-11-25 00:51:16.170] [test_motion_solver] [info] Target: vx=-0.18640777, vy=0.072471656, v_yaw=0
[2025-11-25 00:51:16.170] [test_motion_solver] [info] Current: vx=-0.16772604, vy=0.102153026, v_yaw=0
[2025-11-25 00:51:16.170] [test_motion_solver] [info] Current FL Speed: -0, FR Speed: 0, BL Speed: -0, BR Speed: -0
[2025-11-25 00:51:17.170] [test_motion_solver] [info] Target: vx=-0.18781984, vy=0.06872926, v_yaw=0
[2025-11-25 00:51:17.170] [test_motion_solver] [info] Current: vx=-0.16973542, vy=0.09881065, v_yaw=0
[2025-11-25 00:51:17.170] [test_motion_solver] [info] Current FL Speed: -0, FR Speed: 0, BL Speed: -0, BR Speed: -0
[2025-11-25 00:51:18.170] [test_motion_solver] [info] Target: vx=-0.18915677, vy=0.06495937, v_yaw=0
[2025-11-25 00:51:18.170] [test_motion_solver] [info] Current: vx=-0.17167756, vy=0.095425524, v_yaw=0
[2025-11-25 00:51:18.170] [test_motion_solver] [info] Current FL Speed: -0, FR Speed: 0, BL Speed: -0, BR Speed: -0
[2025-11-25 00:51:19.170] [test_motion_solver] [info] Target: vx=-0.19041803, vy=0.061163496, v_yaw=0
[2025-11-25 00:51:19.170] [test_motion_solver] [info] Current: vx=-0.1735516, vy=0.09199932, v_yaw=0
[2025-11-25 00:51:19.170] [test_motion_solver] [info] Current FL Speed: -0, FR Speed: 0, BL Speed: -0, BR Speed: -0
[2025-11-25 00:51:20.170] [test_motion_solver] [info] Target: vx=-0.19160314, vy=0.057343163, v_yaw=0
[2025-11-25 00:51:20.170] [test_motion_solver] [info] Current: vx=-0.17535676, vy=0.08853371, v_yaw=0
[2025-11-25 00:51:20.170] [test_motion_solver] [info] Current FL Speed: -0, FR Speed: 0, BL Speed: -0, BR Speed: -0
[2025-11-25 00:51:21.170] [test_motion_solver] [info] Target: vx=-0.1927116, vy=0.053499892, v_yaw=0
[2025-11-25 00:51:21.170] [test_motion_solver] [info] Current: vx=-0.17709224, vy=0.085030325, v_yaw=0
[2025-11-25 00:51:21.170] [test_motion_solver] [info] Current FL Speed: -0, FR Speed: 0, BL Speed: -0, BR Speed: -0
[2025-11-25 00:51:22.170] [test_motion_solver] [info] Target: vx=-0.19374299, vy=0.04963522, v_yaw=0
[2025-11-25 00:51:22.170] [test_motion_solver] [info] Current: vx=-0.17875731, vy=0.081490815, v_yaw=0
[2025-11-25 00:51:22.170] [test_motion_solver] [info] Current FL Speed: -0, FR Speed: 0, BL Speed: -0, BR Speed: -0
[2025-11-25 00:51:23.170] [test_motion_solver] [info] Target: vx=-0.19469687, vy=0.045750696, v_yaw=0
[2025-11-25 00:51:23.170] [test_motion_solver] [info] Current: vx=-0.18035127, vy=0.0779168, v_yaw=0
[2025-11-25 00:51:23.170] [test_motion_solver] [info] Current FL Speed: -0, FR Speed: 0, BL Speed: -0, BR Speed: -0
[2025-11-25 00:51:24.170] [test_motion_solver] [info] Target: vx=-0.1955729, vy=0.04184787, v_yaw=0
[2025-11-25 00:51:24.170] [test_motion_solver] [info] Current: vx=-0.18187344, vy=0.07430991, v_yaw=0
[2025-11-25 00:51:24.170] [test_motion_solver] [info] Current FL Speed: -0, FR Speed: 0, BL Speed: -0, BR Speed: -0
[2025-11-25 00:51:25.170] [test_motion_solver] [info] Target: vx=-0.19637068, vy=0.03792831, v_yaw=0
[2025-11-25 00:51:25.170] [test_motion_solver] [info] Current: vx=-0.18332316, vy=0.070671745, v_yaw=0
[2025-11-25 00:51:25.170] [test_motion_solver] [info] Current FL Speed: -0, FR Speed: 0, BL Speed: -0, BR Speed: -0
[2025-11-25 00:51:26.170] [test_motion_solver] [info] Target: vx=-0.19708993, vy=0.033993576, v_yaw=0
[2025-11-25 00:51:26.170] [test_motion_solver] [info] Current: vx=-0.18469983, vy=0.06700393, v_yaw=0
[2025-11-25 00:51:26.170] [test_motion_solver] [info] Current FL Speed: -0, FR Speed: 0, BL Speed: -0, BR Speed: -0
[2025-11-25 00:51:27.170] [test_motion_solver] [info] Target: vx=-0.19773033, vy=0.030045245, v_yaw=0
[2025-11-25 00:51:27.170] [test_motion_solver] [info] Current: vx=-0.18600288, vy=0.06330806, v_yaw=0
[2025-11-25 00:51:27.170] [test_motion_solver] [info] Current FL Speed: -0, FR Speed: 0, BL Speed: -0, BR Speed: -0
[2025-11-25 00:51:28.170] [test_motion_solver] [info] Target: vx=-0.19829166, vy=0.026084896, v_yaw=0
[2025-11-25 00:51:28.170] [test_motion_solver] [info] Current: vx=-0.18723176, vy=0.059585743, v_yaw=0
[2025-11-25 00:51:28.170] [test_motion_solver] [info] Current FL Speed: -0, FR Speed: 0, BL Speed: -0, BR Speed: -0
[2025-11-25 00:51:29.170] [test_motion_solver] [info] Target: vx=-0.19877365, vy=0.022114115, v_yaw=0
[2025-11-25 00:51:29.170] [test_motion_solver] [info] Current: vx=-0.18838595, vy=0.05583858, v_yaw=0
[2025-11-25 00:51:29.170] [test_motion_solver] [info] Current FL Speed: -0, FR Speed: 0, BL Speed: -0, BR Speed: -0
[2025-11-25 00:51:30.170] [test_motion_solver] [info] Target: vx=-0.19917616, vy=0.018134488, v_yaw=0
[2025-11-25 00:51:30.170] [test_motion_solver] [info] Current: vx=-0.18946497, vy=0.05206817, v_yaw=0
[2025-11-25 00:51:30.170] [test_motion_solver] [info] Current FL Speed: -0, FR Speed: 0, BL Speed: -0, BR Speed: -0
[2025-11-25 00:51:31.170] [test_motion_solver] [info] Target: vx=-0.19949898, vy=0.014147607, v_yaw=0
[2025-11-25 00:51:31.170] [test_motion_solver] [info] Current: vx=-0.19046837, vy=0.048276115, v_yaw=0
[2025-11-25 00:51:31.170] [test_motion_solver] [info] Current FL Speed: -0, FR Speed: 0, BL Speed: -0, BR Speed: -0
[2025-11-25 00:51:32.170] [test_motion_solver] [info] Target: vx=-0.19974202, vy=0.010155068, v_yaw=0
[2025-11-25 00:51:32.170] [test_motion_solver] [info] Current: vx=-0.19139573, vy=0.04446401, v_yaw=0
[2025-11-25 00:51:32.170] [test_motion_solver] [info] Current FL Speed: -0, FR Speed: 0, BL Speed: -0, BR Speed: -0
[2025-11-25 00:51:33.170] [test_motion_solver] [info] Target: vx=-0.19990516, vy=0.0061584665, v_yaw=0
[2025-11-25 00:51:33.170] [test_motion_solver] [info] Current: vx=-0.19224668, vy=0.040633455, v_yaw=0
[2025-11-25 00:51:33.170] [test_motion_solver] [info] Current FL Speed: -0, FR Speed: 0, BL Speed: -0, BR Speed: -0
[2025-11-25 00:51:34.170] [test_motion_solver] [info] Target: vx=-0.19998835, vy=0.0021594018, v_yaw=0
[2025-11-25 00:51:34.170] [test_motion_solver] [info] Current: vx=-0.19302085, vy=0.03678605, v_yaw=0
[2025-11-25 00:51:34.170] [test_motion_solver] [info] Current FL Speed: -0, FR Speed: 0, BL Speed: -0, BR Speed: -0
[2025-11-25 00:51:35.170] [test_motion_solver] [info] Target: vx=-0.19999154, vy=-0.0018405266, v_yaw=0
[2025-11-25 00:51:35.170] [test_motion_solver] [info] Current: vx=-0.19371793, vy=0.032923393, v_yaw=0
[2025-11-25 00:51:35.170] [test_motion_solver] [info] Current FL Speed: -0, FR Speed: 0, BL Speed: -0, BR Speed: -0
[2025-11-25 00:51:36.170] [test_motion_solver] [info] Target: vx=-0.19991472, vy=-0.0058397185, v_yaw=0
[2025-11-25 00:51:36.170] [test_motion_solver] [info] Current: vx=-0.1943376, vy=0.029047081, v_yaw=0
[2025-11-25 00:51:36.170] [test_motion_solver] [info] Current FL Speed: -0, FR Speed: 0, BL Speed: -0, BR Speed: -0
[2025-11-25 00:51:37.170] [test_motion_solver] [info] Target: vx=-0.19975796, vy=-0.009836575, v_yaw=0
[2025-11-25 00:51:37.170] [test_motion_solver] [info] Current: vx=-0.19487964, vy=0.025158716, v_yaw=0
[2025-11-25 00:51:37.170] [test_motion_solver] [info] Current FL Speed: -0, FR Speed: 0, BL Speed: -0, BR Speed: -0
[2025-11-25 00:51:38.170] [test_motion_solver] [info] Target: vx=-0.19952129, vy=-0.013829497, v_yaw=0
[2025-11-25 00:51:38.170] [test_motion_solver] [info] Current: vx=-0.1953438, vy=0.021259895, v_yaw=0
[2025-11-25 00:51:38.170] [test_motion_solver] [info] Current FL Speed: -0, FR Speed: 0, BL Speed: -0, BR Speed: -0
[2025-11-25 00:51:39.170] [test_motion_solver] [info] Target: vx=-0.19920482, vy=-0.017816886, v_yaw=0
[2025-11-25 00:51:39.170] [test_motion_solver] [info] Current: vx=-0.19572991, vy=0.017352216, v_yaw=0
[2025-11-25 00:51:39.170] [test_motion_solver] [info] Current FL Speed: -0, FR Speed: 0, BL Speed: -0, BR Speed: -0
[2025-11-25 00:51:40.170] [test_motion_solver] [info] Target: vx=-0.19880867, vy=-0.02179715, v_yaw=0
[2025-11-25 00:51:40.170] [test_motion_solver] [info] Current: vx=-0.19603778, vy=0.013437279, v_yaw=0
[2025-11-25 00:51:40.170] [test_motion_solver] [info] Current FL Speed: -0, FR Speed: 0, BL Speed: -0, BR Speed: -0
[2025-11-25 00:51:41.170] [test_motion_solver] [info] Target: vx=-0.198333, vy=-0.025768695, v_yaw=0
[2025-11-25 00:51:41.170] [test_motion_solver] [info] Current: vx=-0.1962673, vy=0.009516681, v_yaw=0
[2025-11-25 00:51:41.170] [test_motion_solver] [info] Current FL Speed: -0, FR Speed: 0, BL Speed: -0, BR Speed: -0
[2025-11-25 00:51:42.170] [test_motion_solver] [info] Target: vx=-0.19777799, vy=-0.029729934, v_yaw=0
[2025-11-25 00:51:42.170] [test_motion_solver] [info] Current: vx=-0.19641837, vy=0.005592019, v_yaw=0
[2025-11-25 00:51:42.170] [test_motion_solver] [info] Current FL Speed: -0, FR Speed: 0, BL Speed: -0, BR Speed: -0
[2025-11-25 00:51:43.170] [test_motion_solver] [info] Target: vx=-0.19714387, vy=-0.03367928, v_yaw=0
[2025-11-25 00:51:43.170] [test_motion_solver] [info] Current: vx=-0.19649093, vy=0.001664889, v_yaw=0
[2025-11-25 00:51:43.170] [test_motion_solver] [info] Current FL Speed: -0, FR Speed: 0, BL Speed: -0, BR Speed: -0
[2025-11-25 00:51:44.170] [test_motion_solver] [info] Target: vx=-0.1964309, vy=-0.037615154, v_yaw=0
[2025-11-25 00:51:44.170] [test_motion_solver] [info] Current: vx=-0.19648492, vy=-0.0022631153, v_yaw=0
[2025-11-25 00:51:44.170] [test_motion_solver] [info] Current FL Speed: -0, FR Speed: 0, BL Speed: -0, BR Speed: -0
[2025-11-25 00:51:45.170] [test_motion_solver] [info] Target: vx=-0.19563937, vy=-0.041535985, v_yaw=0
[2025-11-25 00:51:45.170] [test_motion_solver] [info] Current: vx=-0.19640037, vy=-0.0061904024, v_yaw=0
[2025-11-25 00:51:45.170] [test_motion_solver] [info] Current FL Speed: -0, FR Speed: 0, BL Speed: -0, BR Speed: -0
[2025-11-25 00:51:46.170] [test_motion_solver] [info] Target: vx=-0.19476958, vy=-0.0454402, v_yaw=0
[2025-11-25 00:51:46.170] [test_motion_solver] [info] Current: vx=-0.1962373, vy=-0.010115383, v_yaw=0
[2025-11-25 00:51:46.170] [test_motion_solver] [info] Current FL Speed: -0, FR Speed: 0, BL Speed: -0, BR Speed: -0
[2025-11-25 00:51:47.170] [test_motion_solver] [info] Target: vx=-0.19382189, vy=-0.04932624, v_yaw=0
[2025-11-25 00:51:47.170] [test_motion_solver] [info] Current: vx=-0.19599575, vy=-0.014036469, v_yaw=0
[2025-11-25 00:51:47.170] [test_motion_solver] [info] Current FL Speed: -0, FR Speed: 0, BL Speed: -0, BR Speed: -0
[2025-11-25 00:51:48.170] [test_motion_solver] [info] Target: vx=-0.19279666, vy=-0.053192552, v_yaw=0
[2025-11-25 00:51:48.170] [test_motion_solver] [info] Current: vx=-0.19567584, vy=-0.017952077, v_yaw=0
[2025-11-25 00:51:48.170] [test_motion_solver] [info] Current FL Speed: -0, FR Speed: 0, BL Speed: -0, BR Speed: -0
[2025-11-25 00:51:49.170] [test_motion_solver] [info] Target: vx=-0.19169432, vy=-0.05703759, v_yaw=0
[2025-11-25 00:51:49.170] [test_motion_solver] [info] Current: vx=-0.19527769, vy=-0.02186063, v_yaw=0
[2025-11-25 00:51:49.170] [test_motion_solver] [info] Current FL Speed: -0, FR Speed: 0, BL Speed: -0, BR Speed: -0
[2025-11-25 00:51:50.170] [test_motion_solver] [info] Target: vx=-0.19051531, vy=-0.060859807, v_yaw=0
[2025-11-25 00:51:50.170] [test_motion_solver] [info] Current: vx=-0.19480145, vy=-0.025760546, v_yaw=0
[2025-11-25 00:51:50.170] [test_motion_solver] [info] Current FL Speed: -0, FR Speed: 0, BL Speed: -0, BR Speed: -0
[2025-11-25 00:51:51.170] [test_motion_solver] [info] Target: vx=-0.1892601, vy=-0.06465768, v_yaw=0
[2025-11-25 00:51:51.170] [test_motion_solver] [info] Current: vx=-0.19424732, vy=-0.02965026, v_yaw=0
[2025-11-25 00:51:51.170] [test_motion_solver] [info] Current FL Speed: -0, FR Speed: 0, BL Speed: -0, BR Speed: -0
[2025-11-25 00:51:52.170] [test_motion_solver] [info] Target: vx=-0.18792918, vy=-0.0684297, v_yaw=0
[2025-11-25 00:51:52.170] [test_motion_solver] [info] Current: vx=-0.19361551, vy=-0.033528205, v_yaw=0
[2025-11-25 00:51:52.170] [test_motion_solver] [info] Current FL Speed: -0, FR Speed: 0, BL Speed: -0, BR Speed: -0
[2025-11-25 00:51:53.170] [test_motion_solver] [info] Target: vx=-0.1865231, vy=-0.07217434, v_yaw=0
[2025-11-25 00:51:53.170] [test_motion_solver] [info] Current: vx=-0.19290628, vy=-0.037392817, v_yaw=0
[2025-11-25 00:51:53.170] [test_motion_solver] [info] Current FL Speed: -0, FR Speed: 0, BL Speed: -0, BR Speed: -0
[2025-11-25 00:51:54.170] [test_motion_solver] [info] Target: vx=-0.1850424, vy=-0.07589012, v_yaw=0
[2025-11-25 00:51:54.170] [test_motion_solver] [info] Current: vx=-0.19211988, vy=-0.041242547, v_yaw=0
[2025-11-25 00:51:54.170] [test_motion_solver] [info] Current FL Speed: -0, FR Speed: 0, BL Speed: -0, BR Speed: -0
[2025-11-25 00:51:55.170] [test_motion_solver] [info] Target: vx=-0.1834877, vy=-0.07957554, v_yaw=0
[2025-11-25 00:51:55.170] [test_motion_solver] [info] Current: vx=-0.19125666, vy=-0.045075845, v_yaw=0
[2025-11-25 00:51:55.170] [test_motion_solver] [info] Current FL Speed: -0, FR Speed: 0, BL Speed: -0, BR Speed: -0
[2025-11-25 00:51:56.170] [test_motion_solver] [info] Target: vx=-0.1818596, vy=-0.08322913, v_yaw=0
[2025-11-25 00:51:56.170] [test_motion_solver] [info] Current: vx=-0.19031695, vy=-0.04889117, v_yaw=0
[2025-11-25 00:51:56.170] [test_motion_solver] [info] Current FL Speed: -0, FR Speed: 0, BL Speed: -0, BR Speed: -0
[2025-11-25 00:51:57.170] [test_motion_solver] [info] Target: vx=-0.18015875, vy=-0.08684945, v_yaw=0
[2025-11-25 00:51:57.170] [test_motion_solver] [info] Current: vx=-0.18930113, vy=-0.052687, v_yaw=0
[2025-11-25 00:51:57.170] [test_motion_solver] [info] Current FL Speed: -0, FR Speed: 0, BL Speed: -0, BR Speed: -0
[2025-11-25 00:51:58.170] [test_motion_solver] [info] Target: vx=-0.17838584, vy=-0.09043501, v_yaw=0
[2025-11-25 00:51:58.170] [test_motion_solver] [info] Current: vx=-0.18820961, vy=-0.056461804, v_yaw=0
[2025-11-25 00:51:58.170] [test_motion_solver] [info] Current FL Speed: -0, FR Speed: 0, BL Speed: -0, BR Speed: -0
[2025-11-25 00:51:59.170] [test_motion_solver] [info] Target: vx=-0.1765416, vy=-0.0939844, v_yaw=0
[2025-11-25 00:51:59.170] [test_motion_solver] [info] Current: vx=-0.1870428, vy=-0.060214065, v_yaw=0
[2025-11-25 00:51:59.170] [test_motion_solver] [info] Current FL Speed: -0, FR Speed: 0, BL Speed: -0, BR Speed: -0
[2025-11-25 00:52:00.170] [test_motion_solver] [info] Target: vx=-0.17462672, vy=-0.097496204, v_yaw=0
[2025-11-25 00:52:00.170] [test_motion_solver] [info] Current: vx=-0.1858012, vy=-0.063942276, v_yaw=0
[2025-11-25 00:52:00.170] [test_motion_solver] [info] Current FL Speed: -0, FR Speed: 0, BL Speed: -0, BR Speed: -0
[2025-11-25 00:52:01.170] [test_motion_solver] [info] Target: vx=-0.17264201, vy=-0.100969, v_yaw=0
[2025-11-25 00:52:01.170] [test_motion_solver] [info] Current: vx=-0.18448527, vy=-0.06764495, v_yaw=0
[2025-11-25 00:52:01.170] [test_motion_solver] [info] Current FL Speed: -0, FR Speed: 0, BL Speed: -0, BR Speed: -0
[2025-11-25 00:52:02.170] [test_motion_solver] [info] Target: vx=-0.17058824, vy=-0.10440142, v_yaw=0
[2025-11-25 00:52:02.170] [test_motion_solver] [info] Current: vx=-0.18309557, vy=-0.07132059, v_yaw=0
[2025-11-25 00:52:02.170] [test_motion_solver] [info] Current FL Speed: -0, FR Speed: 0, BL Speed: -0, BR Speed: -0
[2025-11-25 00:52:03.170] [test_motion_solver] [info] Target: vx=-0.16846623, vy=-0.107792065, v_yaw=0
[2025-11-25 00:52:03.170] [test_motion_solver] [info] Current: vx=-0.18163264, vy=-0.07496774, v_yaw=0
[2025-11-25 00:52:03.170] [test_motion_solver] [info] Current FL Speed: -0, FR Speed: 0, BL Speed: -0, BR Speed: -0
[2025-11-25 00:52:04.170] [test_motion_solver] [info] Target: vx=-0.16627684, vy=-0.11113961, v_yaw=0
[2025-11-25 00:52:04.170] [test_motion_solver] [info] Current: vx=-0.18009706, vy=-0.07858493, v_yaw=0
[2025-11-25 00:52:04.170] [test_motion_solver] [info] Current FL Speed: -0, FR Speed: 0, BL Speed: -0, BR Speed: -0
[2025-11-25 00:52:05.170] [test_motion_solver] [info] Target: vx=-0.16402094, vy=-0.11444269, v_yaw=0
[2025-11-25 00:52:05.170] [test_motion_solver] [info] Current: vx=-0.17848945, vy=-0.08217071, v_yaw=0
[2025-11-25 00:52:05.170] [test_motion_solver] [info] Current FL Speed: -0, FR Speed: 0, BL Speed: -0, BR Speed: -0
[2025-11-25 00:52:06.170] [test_motion_solver] [info] Target: vx=-0.16169944, vy=-0.1177, v_yaw=0
[2025-11-25 00:52:06.170] [test_motion_solver] [info] Current: vx=-0.17681044, vy=-0.08572364, v_yaw=0
[2025-11-25 00:52:06.170] [test_motion_solver] [info] Current FL Speed: -0, FR Speed: 0, BL Speed: -0, BR Speed: -0
[2025-11-25 00:52:07.170] [test_motion_solver] [info] Target: vx=-0.15931326, vy=-0.120910235, v_yaw=0
[2025-11-25 00:52:07.170] [test_motion_solver] [info] Current: vx=-0.17506072, vy=-0.089242294, v_yaw=0
[2025-11-25 00:52:07.170] [test_motion_solver] [info] Current FL Speed: -0, FR Speed: 0, BL Speed: -0, BR Speed: -0
[2025-11-25 00:52:08.170] [test_motion_solver] [info] Target: vx=-0.15686336, vy=-0.124072105, v_yaw=0
[2025-11-25 00:52:08.170] [test_motion_solver] [info] Current: vx=-0.17324099, vy=-0.09272528, v_yaw=0
[2025-11-25 00:52:08.170] [test_motion_solver] [info] Current FL Speed: -0, FR Speed: 0, BL Speed: -0, BR Speed: -0
[2025-11-25 00:52:09.170] [test_motion_solver] [info] Target: vx=-0.15435071, vy=-0.12718435, v_yaw=0
[2025-11-25 00:52:09.170] [test_motion_solver] [info] Current: vx=-0.17135197, vy=-0.096171185, v_yaw=0
[2025-11-25 00:52:09.170] [test_motion_solver] [info] Current FL Speed: -0, FR Speed: 0, BL Speed: -0, BR Speed: -0
[2025-11-25 00:52:10.170] [test_motion_solver] [info] Target: vx=-0.15177633, vy=-0.13024572, v_yaw=0
[2025-11-25 00:52:10.170] [test_motion_solver] [info] Current: vx=-0.1693944, vy=-0.09957864, v_yaw=0
[2025-11-25 00:52:10.170] [test_motion_solver] [info] Current FL Speed: -0, FR Speed: 0, BL Speed: -0, BR Speed: -0
[2025-11-25 00:52:11.170] [test_motion_solver] [info] Target: vx=-0.14914124, vy=-0.13325499, v_yaw=0
[2025-11-25 00:52:11.170] [test_motion_solver] [info] Current: vx=-0.16736908, vy=-0.102946274, v_yaw=0
[2025-11-25 00:52:11.170] [test_motion_solver] [info] Current FL Speed: -0, FR Speed: 0, BL Speed: -0, BR Speed: -0
[2025-11-25 00:52:12.170] [test_motion_solver] [info] Target: vx=-0.1464465, vy=-0.13621096, v_yaw=0
[2025-11-25 00:52:12.170] [test_motion_solver] [info] Current: vx=-0.16527683, vy=-0.10627274, v_yaw=0
[2025-11-25 00:52:12.170] [test_motion_solver] [info] Current FL Speed: -0, FR Speed: 0, BL Speed: -0, BR Speed: -0
[2025-11-25 00:52:13.170] [test_motion_solver] [info] Target: vx=-0.14369318, vy=-0.13911244, v_yaw=0
[2025-11-25 00:52:13.170] [test_motion_solver] [info] Current: vx=-0.16311847, vy=-0.10955671, v_yaw=0
[2025-11-25 00:52:13.170] [test_motion_solver] [info] Current FL Speed: -0, FR Speed: 0, BL Speed: -0, BR Speed: -0
[2025-11-25 00:52:14.170] [test_motion_solver] [info] Target: vx=-0.14088237, vy=-0.1419583, v_yaw=0
[2025-11-25 00:52:14.170] [test_motion_solver] [info] Current: vx=-0.16089486, vy=-0.11279687, v_yaw=0
[2025-11-25 00:52:14.170] [test_motion_solver] [info] Current FL Speed: -0, FR Speed: 0, BL Speed: -0, BR Speed: -0
[2025-11-25 00:52:15.170] [test_motion_solver] [info] Target: vx=-0.13801523, vy=-0.14474736, v_yaw=0
[2025-11-25 00:52:15.170] [test_motion_solver] [info] Current: vx=-0.15860689, vy=-0.11599192, v_yaw=0
[2025-11-25 00:52:15.170] [test_motion_solver] [info] Current FL Speed: -0, FR Speed: 0, BL Speed: -0, BR Speed: -0
[2025-11-25 00:52:16.170] [test_motion_solver] [info] Target: vx=-0.13509287, vy=-0.14747854, v_yaw=0
[2025-11-25 00:52:16.170] [test_motion_solver] [info] Current: vx=-0.15625548, vy=-0.11914058, v_yaw=0
[2025-11-25 00:52:16.170] [test_motion_solver] [info] Current FL Speed: -0, FR Speed: 0, BL Speed: -0, BR Speed: -0
[2025-11-25 00:52:17.170] [test_motion_solver] [info] Target: vx=-0.13211648, vy=-0.15015072, v_yaw=0
[2025-11-25 00:52:17.170] [test_motion_solver] [info] Current: vx=-0.15384158, vy=-0.122241594, v_yaw=0
[2025-11-25 00:52:17.170] [test_motion_solver] [info] Current FL Speed: -0, FR Speed: 0, BL Speed: -0, BR Speed: -0
[2025-11-25 00:52:18.170] [test_motion_solver] [info] Target: vx=-0.12908725, vy=-0.15276283, v_yaw=0
[2025-11-25 00:52:18.170] [test_motion_solver] [info] Current: vx=-0.15136614, vy=-0.12529372, v_yaw=0
[2025-11-25 00:52:18.170] [test_motion_solver] [info] Current FL Speed: -0, FR Speed: 0, BL Speed: -0, BR Speed: -0
[2025-11-25 00:52:19.170] [test_motion_solver] [info] Target: vx=-0.12600638, vy=-0.15531385, v_yaw=0
[2025-11-25 00:52:19.170] [test_motion_solver] [info] Current: vx=-0.14883018, vy=-0.12829573, v_yaw=0
[2025-11-25 00:52:19.170] [test_motion_solver] [info] Current FL Speed: -0, FR Speed: 0, BL Speed: -0, BR Speed: -0
[2025-11-25 00:52:20.170] [test_motion_solver] [info] Target: vx=-0.12287512, vy=-0.15780275, v_yaw=0
[2025-11-25 00:52:20.170] [test_motion_solver] [info] Current: vx=-0.14623468, vy=-0.13124643, v_yaw=0
[2025-11-25 00:52:20.170] [test_motion_solver] [info] Current FL Speed: -0, FR Speed: 0, BL Speed: -0, BR Speed: -0
[2025-11-25 00:52:21.170] [test_motion_solver] [info] Target: vx=-0.119694695, vy=-0.16022852, v_yaw=0
[2025-11-25 00:52:21.170] [test_motion_solver] [info] Current: vx=-0.14358068, vy=-0.13414463, v_yaw=0
[2025-11-25 00:52:21.170] [test_motion_solver] [info] Current FL Speed: -0, FR Speed: 0, BL Speed: -0, BR Speed: -0
[2025-11-25 00:52:22.170] [test_motion_solver] [info] Target: vx=-0.1164664, vy=-0.16259022, v_yaw=0
[2025-11-25 00:52:22.170] [test_motion_solver] [info] Current: vx=-0.14086924, vy=-0.13698919, v_yaw=0
[2025-11-25 00:52:22.170] [test_motion_solver] [info] Current FL Speed: -0, FR Speed: 0, BL Speed: -0, BR Speed: -0
[2025-11-25 00:52:23.170] [test_motion_solver] [info] Target: vx=-0.11319153, vy=-0.16488686, v_yaw=0
[2025-11-25 00:52:23.170] [test_motion_solver] [info] Current: vx=-0.13810147, vy=-0.13977896, v_yaw=0
[2025-11-25 00:52:23.170] [test_motion_solver] [info] Current FL Speed: -0, FR Speed: 0, BL Speed: -0, BR Speed: -0
[2025-11-25 00:52:24.170] [test_motion_solver] [info] Target: vx=-0.10987138, vy=-0.16711757, v_yaw=0
[2025-11-25 00:52:24.170] [test_motion_solver] [info] Current: vx=-0.13527846, vy=-0.14251281, v_yaw=0
[2025-11-25 00:52:24.170] [test_motion_solver] [info] Current FL Speed: -0, FR Speed: 0, BL Speed: -0, BR Speed: -0
[2025-11-25 00:52:25.170] [test_motion_solver] [info] Target: vx=-0.10650728, vy=-0.16928142, v_yaw=0
[2025-11-25 00:52:25.170] [test_motion_solver] [info] Current: vx=-0.13240135, vy=-0.14518967, v_yaw=0
[2025-11-25 00:52:25.170] [test_motion_solver] [info] Current FL Speed: -0, FR Speed: 0, BL Speed: -0, BR Speed: -0
[2025-11-25 00:52:26.170] [test_motion_solver] [info] Target: vx=-0.103100576, vy=-0.17137757, v_yaw=0
[2025-11-25 00:52:26.170] [test_motion_solver] [info] Current: vx=-0.12947127, vy=-0.14780846, v_yaw=0
[2025-11-25 00:52:26.170] [test_motion_solver] [info] Current FL Speed: -0, FR Speed: 0, BL Speed: -0, BR Speed: -0
[2025-11-25 00:52:27.170] [test_motion_solver] [info] Target: vx=-0.09965264, vy=-0.17340517, v_yaw=0
[2025-11-25 00:52:27.170] [test_motion_solver] [info] Current: vx=-0.12648942, vy=-0.15036814, v_yaw=0
[2025-11-25 00:52:27.170] [test_motion_solver] [info] Current FL Speed: -0, FR Speed: 0, BL Speed: -0, BR Speed: -0
[2025-11-25 00:52:28.170] [test_motion_solver] [info] Target: vx=-0.09616484, vy=-0.1753634, v_yaw=0
[2025-11-25 00:52:28.170] [test_motion_solver] [info] Current: vx=-0.123456955, vy=-0.15286766, v_yaw=0
[2025-11-25 00:52:28.170] [test_motion_solver] [info] Current FL Speed: -0, FR Speed: 0, BL Speed: -0, BR Speed: -0
[2025-11-25 00:52:29.170] [test_motion_solver] [info] Target: vx=-0.092638575, vy=-0.1772515, v_yaw=0
[2025-11-25 00:52:29.170] [test_motion_solver] [info] Current: vx=-0.12037512, vy=-0.15530604, v_yaw=0
[2025-11-25 00:52:29.170] [test_motion_solver] [info] Current FL Speed: -0, FR Speed: 0, BL Speed: -0, BR Speed: -0
[2025-11-25 00:52:30.170] [test_motion_solver] [info] Target: vx=-0.08907526, vy=-0.1790687, v_yaw=0
[2025-11-25 00:52:30.170] [test_motion_solver] [info] Current: vx=-0.11724513, vy=-0.1576823, v_yaw=0
[2025-11-25 00:52:30.170] [test_motion_solver] [info] Current FL Speed: -0, FR Speed: 0, BL Speed: -0, BR Speed: -0
[2025-11-25 00:52:31.170] [test_motion_solver] [info] Target: vx=-0.08547632, vy=-0.18081427, v_yaw=0
[2025-11-25 00:52:31.170] [test_motion_solver] [info] Current: vx=-0.11406825, vy=-0.1599955, v_yaw=0
[2025-11-25 00:52:31.170] [test_motion_solver] [info] Current FL Speed: -0, FR Speed: 0, BL Speed: -0, BR Speed: -0
[2025-11-25 00:52:32.170] [test_motion_solver] [info] Target: vx=-0.081843175, vy=-0.18248752, v_yaw=0
[2025-11-25 00:52:32.170] [test_motion_solver] [info] Current: vx=-0.11084574, vy=-0.16224469, v_yaw=0
[2025-11-25 00:52:32.170] [test_motion_solver] [info] Current FL Speed: -0, FR Speed: 0, BL Speed: -0, BR Speed: -0
[2025-11-25 00:52:33.170] [test_motion_solver] [info] Target: vx=-0.0781773, vy=-0.18408778, v_yaw=0
[2025-11-25 00:52:33.170] [test_motion_solver] [info] Current: vx=-0.107578896, vy=-0.16442901, v_yaw=0
[2025-11-25 00:52:33.170] [test_motion_solver] [info] Current FL Speed: -0, FR Speed: 0, BL Speed: -0, BR Speed: -0
[2025-11-25 00:52:34.170] [test_motion_solver] [info] Target: vx=-0.07448017, vy=-0.1856144, v_yaw=0
[2025-11-25 00:52:34.170] [test_motion_solver] [info] Current: vx=-0.10426902, vy=-0.16654755, v_yaw=0
[2025-11-25 00:52:34.170] [test_motion_solver] [info] Current FL Speed: -0, FR Speed: 0, BL Speed: -0, BR Speed: -0
[2025-11-25 00:52:35.170] [test_motion_solver] [info] Target: vx=-0.07075323, vy=-0.18706678, v_yaw=0
[2025-11-25 00:52:35.170] [test_motion_solver] [info] Current: vx=-0.10091744, vy=-0.16859947, v_yaw=0
[2025-11-25 00:52:35.170] [test_motion_solver] [info] Current FL Speed: -0, FR Speed: 0, BL Speed: -0, BR Speed: -0
[2025-11-25 00:52:36.170] [test_motion_solver] [info] Target: vx=-0.066998, vy=-0.18844435, v_yaw=0
[2025-11-25 00:52:36.170] [test_motion_solver] [info] Current: vx=-0.0975255, vy=-0.17058396, v_yaw=0
[2025-11-25 00:52:36.170] [test_motion_solver] [info] Current FL Speed: -0, FR Speed: 0, BL Speed: -0, BR Speed: -0
[2025-11-25 00:52:37.170] [test_motion_solver] [info] Target: vx=-0.06321597, vy=-0.18974653, v_yaw=0
[2025-11-25 00:52:37.170] [test_motion_solver] [info] Current: vx=-0.094094545, vy=-0.17250022, v_yaw=0
[2025-11-25 00:52:37.170] [test_motion_solver] [info] Current FL Speed: -0, FR Speed: 0, BL Speed: -0, BR Speed: -0
[2025-11-25 00:52:38.170] [test_motion_solver] [info] Target: vx=-0.059408654, vy=-0.1909728, v_yaw=0
[2025-11-25 00:52:38.170] [test_motion_solver] [info] Current: vx=-0.09062596, vy=-0.17434748, v_yaw=0
[2025-11-25 00:52:38.170] [test_motion_solver] [info] Current FL Speed: -0, FR Speed: 0, BL Speed: -0, BR Speed: -0
[2025-11-25 00:52:39.170] [test_motion_solver] [info] Target: vx=-0.055577572, vy=-0.19212271, v_yaw=0
[2025-11-25 00:52:39.170] [test_motion_solver] [info] Current: vx=-0.08712112, vy=-0.176125, v_yaw=0
[2025-11-25 00:52:39.170] [test_motion_solver] [info] Current FL Speed: -0, FR Speed: 0, BL Speed: -0, BR Speed: -0
[2025-11-25 00:52:40.170] [test_motion_solver] [info] Target: vx=-0.051724263, vy=-0.19319576, v_yaw=0
[2025-11-25 00:52:40.170] [test_motion_solver] [info] Current: vx=-0.08358143, vy=-0.17783208, v_yaw=0
[2025-11-25 00:52:40.170] [test_motion_solver] [info] Current FL Speed: -0, FR Speed: 0, BL Speed: -0, BR Speed: -0
[2025-11-25 00:52:41.170] [test_motion_solver] [info] Target: vx=-0.047850266, vy=-0.19419155, v_yaw=0
[2025-11-25 00:52:41.170] [test_motion_solver] [info] Current: vx=-0.08000831, vy=-0.17946804, v_yaw=0
[2025-11-25 00:52:41.170] [test_motion_solver] [info] Current FL Speed: -0, FR Speed: 0, BL Speed: -0, BR Speed: -0
[2025-11-25 00:52:42.170] [test_motion_solver] [info] Target: vx=-0.043957125, vy=-0.19510964, v_yaw=0
[2025-11-25 00:52:42.170] [test_motion_solver] [info] Current: vx=-0.07640319, vy=-0.1810322, v_yaw=0
[2025-11-25 00:52:42.170] [test_motion_solver] [info] Current FL Speed: -0, FR Speed: 0, BL Speed: -0, BR Speed: -0
[2025-11-25 00:52:43.170] [test_motion_solver] [info] Target: vx=-0.040046405, vy=-0.1959497, v_yaw=0
[2025-11-25 00:52:43.170] [test_motion_solver] [info] Current: vx=-0.07276751, vy=-0.18252395, v_yaw=0
[2025-11-25 00:52:43.170] [test_motion_solver] [info] Current FL Speed: -0, FR Speed: 0, BL Speed: -0, BR Speed: -0
[2025-11-25 00:52:44.170] [test_motion_solver] [info] Target: vx=-0.03611967, vy=-0.19671139, v_yaw=0
[2025-11-25 00:52:44.170] [test_motion_solver] [info] Current: vx=-0.06910273, vy=-0.18394269, v_yaw=0
[2025-11-25 00:52:44.170] [test_motion_solver] [info] Current FL Speed: -0, FR Speed: 0, BL Speed: -0, BR Speed: -0
[2025-11-25 00:52:45.170] [test_motion_solver] [info] Target: vx=-0.032178484, vy=-0.19739439, v_yaw=0
[2025-11-25 00:52:45.170] [test_motion_solver] [info] Current: vx=-0.0654103, vy=-0.18528786, v_yaw=0
[2025-11-25 00:52:45.170] [test_motion_solver] [info] Current FL Speed: -0, FR Speed: 0, BL Speed: -0, BR Speed: -0
[2025-11-25 00:52:46.170] [test_motion_solver] [info] Target: vx=-0.028224427, vy=-0.19799843, v_yaw=0
[2025-11-25 00:52:46.170] [test_motion_solver] [info] Current: vx=-0.061691713, vy=-0.18655892, v_yaw=0
[2025-11-25 00:52:46.170] [test_motion_solver] [info] Current FL Speed: -0, FR Speed: 0, BL Speed: -0, BR Speed: -0
[2025-11-25 00:52:47.170] [test_motion_solver] [info] Target: vx=-0.024259081, vy=-0.1985233, v_yaw=0
[2025-11-25 00:52:47.170] [test_motion_solver] [info] Current: vx=-0.057948448, vy=-0.18775536, v_yaw=0
[2025-11-25 00:52:47.170] [test_motion_solver] [info] Current FL Speed: -0, FR Speed: 0, BL Speed: -0, BR Speed: -0
[2025-11-25 00:52:48.170] [test_motion_solver] [info] Target: vx=-0.020284032, vy=-0.19896874, v_yaw=0
[2025-11-25 00:52:48.170] [test_motion_solver] [info] Current: vx=-0.054182008, vy=-0.1888767, v_yaw=0
[2025-11-25 00:52:48.170] [test_motion_solver] [info] Current FL Speed: -0, FR Speed: 0, BL Speed: -0, BR Speed: -0
[2025-11-25 00:52:49.170] [test_motion_solver] [info] Target: vx=-0.01630087, vy=-0.1993346, v_yaw=0
[2025-11-25 00:52:49.170] [test_motion_solver] [info] Current: vx=-0.050393894, vy=-0.1899225, v_yaw=0
[2025-11-25 00:52:49.170] [test_motion_solver] [info] Current FL Speed: -0, FR Speed: 0, BL Speed: -0, BR Speed: -0
[2025-11-25 00:52:50.170] [test_motion_solver] [info] Target: vx=-0.012311188, vy=-0.19962072, v_yaw=0
[2025-11-25 00:52:50.170] [test_motion_solver] [info] Current: vx=-0.046585623, vy=-0.19089232, v_yaw=0
[2025-11-25 00:52:50.170] [test_motion_solver] [info] Current FL Speed: -0, FR Speed: 0, BL Speed: -0, BR Speed: -0
[2025-11-25 00:52:51.170] [test_motion_solver] [info] Target: vx=-0.00831658, vy=-0.19982702, v_yaw=0
[2025-11-25 00:52:51.170] [test_motion_solver] [info] Current: vx=-0.042758718, vy=-0.1917858, v_yaw=0
[2025-11-25 00:52:51.170] [test_motion_solver] [info] Current FL Speed: -0, FR Speed: 0, BL Speed: -0, BR Speed: -0
[2025-11-25 00:52:52.170] [test_motion_solver] [info] Target: vx=-0.004318647, vy=-0.19995338, v_yaw=0
[2025-11-25 00:52:52.170] [test_motion_solver] [info] Current: vx=-0.03891471, vy=-0.19260256, v_yaw=0
[2025-11-25 00:52:52.170] [test_motion_solver] [info] Current FL Speed: -0, FR Speed: 0, BL Speed: -0, BR Speed: -0
[2025-11-25 00:52:53.170] [test_motion_solver] [info] Target: vx=-0.00031898645, vy=-0.19999975, v_yaw=0
[2025-11-25 00:52:53.170] [test_motion_solver] [info] Current: vx=-0.03505514, vy=-0.19334228, v_yaw=0
[2025-11-25 00:52:53.170] [test_motion_solver] [info] Current FL Speed: -0, FR Speed: 0, BL Speed: -0, BR Speed: -0
[2025-11-25 00:52:54.170] [test_motion_solver] [info] Target: vx=0.003680802, vy=-0.19996613, v_yaw=0
[2025-11-25 00:52:54.170] [test_motion_solver] [info] Current: vx=-0.031181544, vy=-0.19400467, v_yaw=0
[2025-11-25 00:52:54.170] [test_motion_solver] [info] Current FL Speed: -0, FR Speed: 0, BL Speed: -0, BR Speed: -0
[2025-11-25 00:52:55.170] [test_motion_solver] [info] Target: vx=0.007679118, vy=-0.19985253, v_yaw=0
[2025-11-25 00:52:55.170] [test_motion_solver] [info] Current: vx=-0.027295478, vy=-0.19458945, v_yaw=0
[2025-11-25 00:52:55.170] [test_motion_solver] [info] Current FL Speed: -0, FR Speed: 0, BL Speed: -0, BR Speed: -0
[2025-11-25 00:52:55.524] [debug_pid] [info] Caught signal, shutting down gracefully...
[2025-11-25 00:52:55.524] [debug_pid] [info] Disconnecting from the MQTT server...
[2025-11-25 00:52:55.524] [debug_pid] [info] Clean up and exit.
[2025-11-25 00:52:56.170] [test_motion_solver] [info] Target: vx=0.011674362, vy=-0.19965899, v_yaw=0
[2025-11-25 00:52:56.170] [test_motion_solver] [info] Current: vx=-0.023398494, vy=-0.1950964, v_yaw=0
[2025-11-25 00:52:56.170] [test_motion_solver] [info] Current FL Speed: -0, FR Speed: 0, BL Speed: -0, BR Speed: -0
[2025-11-25 00:52:57.170] [test_motion_solver] [info] Target: vx=0.015664937, vy=-0.19938558, v_yaw=0
[2025-11-25 00:52:57.170] [test_motion_solver] [info] Current: vx=-0.019492151, vy=-0.19552532, v_yaw=0
[2025-11-25 00:52:57.170] [test_motion_solver] [info] Current FL Speed: -0, FR Speed: 0, BL Speed: -0, BR Speed: -0
[2025-11-25 00:52:57.971] [test_motion_solver] [warning] Received signal 2, shutting down...
[2025-11-25 00:52:57.971] [test_motion_solver] [info] PeriodicTimer stopped.
[2025-11-25 00:52:57.971] [test_motion_solver] [info] PeriodicTimer stopped.
[2025-11-25 00:52:57.971] [test_motion_solver] [info] PeriodicTimer stopped.
[2025-11-25 00:52:57.971] [test_motion_solver] [info] PeriodicTimer stopped.
[2025-11-25 00:52:57.971] [test_motion_solver] [info] PeriodicTimer stopped.
[2025-11-25 00:52:57.972] [test_motion_solver] [info] Motion solver test finished.
